Info: [VCS_SAVE_RESTORE_INFO] ASLR (Address Space Layout Randomization) is detected on the machine. To enable $save functionality, ASLR will be switched off and simv re-executed.
Please use '-no_save' simv switch to avoid re-execution or '-suppress=ASLR_DETECTED_INFO' to suppress this message.
Chronologic VCS simulator copyright 1991-2024
Contains Synopsys proprietary information.
Compiler version W-2024.09-SP1_Full64; Runtime version W-2024.09-SP1_Full64;  Apr  8 00:01 2026
UVM_INFO /tools/synopsys/vcs/W-2024.09-SP1/etc/uvm-1.2/base/uvm_root.svh(402) @ 0: reporter [UVM/RELNOTES] 
----------------------------------------------------------------
UVM-1.2.Synopsys
(C) 2007-2014 Mentor Graphics Corporation
(C) 2007-2014 Cadence Design Systems, Inc.
(C) 2006-2014 Synopsys, Inc.
(C) 2011-2013 Cypress Semiconductor Corp.
(C) 2013-2014 NVIDIA Corporation
----------------------------------------------------------------

  ***********       IMPORTANT RELEASE NOTES         ************

  You are using a version of the UVM library that has been compiled
  with `UVM_NO_DEPRECATED undefined.
  See http://www.eda.org/svdb/view.php?id=3313 for more details.

  You are using a version of the UVM library that has been compiled
  with `UVM_OBJECT_DO_NOT_NEED_CONSTRUCTOR undefined.
  See http://www.eda.org/svdb/view.php?id=3770 for more details.

      (Specify +UVM_NO_RELNOTES to turn off this notice)

UVM_INFO @ 0: reporter [RNTST] Running test ram_test...
UVM_INFO ./tb/tb_ram.sv(165) @ 6000: uvm_test_top.env.agt.mon [ram_monitor] ==WRITE== Mem[1]=afdc
UVM_INFO ./tb/tb_ram.sv(165) @ 16000: uvm_test_top.env.agt.mon [ram_monitor] ==WRITE== Mem[2]=d658
UVM_INFO ./tb/tb_ram.sv(165) @ 26000: uvm_test_top.env.agt.mon [ram_monitor] ==WRITE== Mem[3]=56c4
UVM_INFO ./tb/tb_ram.sv(165) @ 36000: uvm_test_top.env.agt.mon [ram_monitor] ==WRITE== Mem[4]=fa9d
UVM_INFO ./tb/tb_ram.sv(165) @ 46000: uvm_test_top.env.agt.mon [ram_monitor] ==WRITE== Mem[5]=29b2
UVM_INFO ./tb/tb_ram.sv(165) @ 56000: uvm_test_top.env.agt.mon [ram_monitor] ==WRITE== Mem[6]=bd1d
UVM_INFO ./tb/tb_ram.sv(165) @ 66000: uvm_test_top.env.agt.mon [ram_monitor] ==WRITE== Mem[7]=3717
UVM_INFO ./tb/tb_ram.sv(165) @ 76000: uvm_test_top.env.agt.mon [ram_monitor] ==WRITE== Mem[8]=cd35
UVM_INFO ./tb/tb_ram.sv(165) @ 86000: uvm_test_top.env.agt.mon [ram_monitor] ==WRITE== Mem[9]=b0c4
UVM_INFO ./tb/tb_ram.sv(165) @ 96000: uvm_test_top.env.agt.mon [ram_monitor] ==WRITE== Mem[10]=bc49
UVM_INFO ./tb/tb_ram.sv(165) @ 106000: uvm_test_top.env.agt.mon [ram_monitor] ==WRITE== Mem[11]=60cd
UVM_INFO ./tb/tb_ram.sv(165) @ 116000: uvm_test_top.env.agt.mon [ram_monitor] ==WRITE== Mem[12]=2018
UVM_INFO ./tb/tb_ram.sv(165) @ 126000: uvm_test_top.env.agt.mon [ram_monitor] ==WRITE== Mem[13]=aa92
UVM_INFO ./tb/tb_ram.sv(165) @ 136000: uvm_test_top.env.agt.mon [ram_monitor] ==WRITE== Mem[14]=fe88
UVM_INFO ./tb/tb_ram.sv(165) @ 146000: uvm_test_top.env.agt.mon [ram_monitor] ==WRITE== Mem[15]=908
UVM_INFO ./tb/tb_ram.sv(169) @ 166000: uvm_test_top.env.agt.mon [ram_monitor] ==PASS==  Mem[1]=afdc, expect_data=afdc
UVM_INFO ./tb/tb_ram.sv(169) @ 176000: uvm_test_top.env.agt.mon [ram_monitor] ==PASS==  Mem[2]=d658, expect_data=d658
UVM_INFO ./tb/tb_ram.sv(169) @ 186000: uvm_test_top.env.agt.mon [ram_monitor] ==PASS==  Mem[3]=56c4, expect_data=56c4
UVM_INFO ./tb/tb_ram.sv(169) @ 196000: uvm_test_top.env.agt.mon [ram_monitor] ==PASS==  Mem[4]=fa9d, expect_data=fa9d
UVM_INFO ./tb/tb_ram.sv(169) @ 206000: uvm_test_top.env.agt.mon [ram_monitor] ==PASS==  Mem[5]=29b2, expect_data=29b2
UVM_INFO ./tb/tb_ram.sv(169) @ 216000: uvm_test_top.env.agt.mon [ram_monitor] ==PASS==  Mem[6]=bd1d, expect_data=bd1d
UVM_INFO ./tb/tb_ram.sv(169) @ 226000: uvm_test_top.env.agt.mon [ram_monitor] ==PASS==  Mem[7]=3717, expect_data=3717
UVM_INFO ./tb/tb_ram.sv(169) @ 236000: uvm_test_top.env.agt.mon [ram_monitor] ==PASS==  Mem[8]=cd35, expect_data=cd35
UVM_INFO ./tb/tb_ram.sv(169) @ 246000: uvm_test_top.env.agt.mon [ram_monitor] ==PASS==  Mem[9]=b0c4, expect_data=b0c4
UVM_INFO ./tb/tb_ram.sv(169) @ 256000: uvm_test_top.env.agt.mon [ram_monitor] ==PASS==  Mem[10]=bc49, expect_data=bc49
UVM_INFO ./tb/tb_ram.sv(169) @ 266000: uvm_test_top.env.agt.mon [ram_monitor] ==PASS==  Mem[11]=60cd, expect_data=60cd
UVM_INFO ./tb/tb_ram.sv(169) @ 276000: uvm_test_top.env.agt.mon [ram_monitor] ==PASS==  Mem[12]=2018, expect_data=2018
UVM_INFO ./tb/tb_ram.sv(169) @ 286000: uvm_test_top.env.agt.mon [ram_monitor] ==PASS==  Mem[13]=aa92, expect_data=aa92
UVM_INFO ./tb/tb_ram.sv(169) @ 296000: uvm_test_top.env.agt.mon [ram_monitor] ==PASS==  Mem[14]=fe88, expect_data=fe88
UVM_INFO ./tb/tb_ram.sv(169) @ 306000: uvm_test_top.env.agt.mon [ram_monitor] ==PASS==  Mem[15]=908, expect_data=908
UVM_INFO /tools/synopsys/vcs/W-2024.09-SP1/etc/uvm-1.2/base/uvm_objection.svh(1276) @ 315000: reporter [TEST_DONE] 'run' phase is ready to proceed to the 'extract' phase
UVM_INFO /tools/synopsys/vcs/W-2024.09-SP1/etc/uvm-1.2/base/uvm_report_catcher.svh(705) @ 315000: reporter [UVM/REPORT/CATCHER] 
--- UVM Report catcher Summary ---


Number of demoted UVM_FATAL reports  :    0
Number of demoted UVM_ERROR reports  :    0
Number of demoted UVM_WARNING reports:    0
Number of caught UVM_FATAL reports   :    0
Number of caught UVM_ERROR reports   :    0
Number of caught UVM_WARNING reports :    0

UVM_INFO /tools/synopsys/vcs/W-2024.09-SP1/etc/uvm-1.2/base/uvm_report_server.svh(904) @ 315000: reporter [UVM/REPORT/SERVER] 
--- UVM Report Summary ---

** Report counts by severity
UVM_INFO :   34
UVM_WARNING :    0
UVM_ERROR :    0
UVM_FATAL :    0
** Report counts by id
[RNTST]     1
[TEST_DONE]     1
[UVM/RELNOTES]     1
[UVM/REPORT/CATCHER]     1
[ram_monitor]    30

$finish called from file "/tools/synopsys/vcs/W-2024.09-SP1/etc/uvm-1.2/base/uvm_root.svh", line 527.
$finish at simulation time               315000
           V C S   S i m u l a t i o n   R e p o r t 
Time: 315000 ps
CPU Time:      0.190 seconds;       Data structure size:   0.6Mb
Wed Apr  8 00:01:51 2026
