Info: [VCS_SAVE_RESTORE_INFO] ASLR (Address Space Layout Randomization) is detected on the machine. To enable $save functionality, ASLR will be switched off and simv re-executed.
Please use '-no_save' simv switch to avoid re-execution or '-suppress=ASLR_DETECTED_INFO' to suppress this message.
Chronologic VCS simulator copyright 1991-2024
Contains Synopsys proprietary information.
Compiler version W-2024.09-SP1_Full64; Runtime version W-2024.09-SP1_Full64;  Apr 20 00:32 2026
UVM_INFO /tools/synopsys/vcs/W-2024.09-SP1/etc/uvm-1.2/base/uvm_root.svh(402) @ 0: reporter [UVM/RELNOTES] 
----------------------------------------------------------------
UVM-1.2.Synopsys
(C) 2007-2014 Mentor Graphics Corporation
(C) 2007-2014 Cadence Design Systems, Inc.
(C) 2006-2014 Synopsys, Inc.
(C) 2011-2013 Cypress Semiconductor Corp.
(C) 2013-2014 NVIDIA Corporation
----------------------------------------------------------------

  ***********       IMPORTANT RELEASE NOTES         ************

  You are using a version of the UVM library that has been compiled
  with `UVM_NO_DEPRECATED undefined.
  See http://www.eda.org/svdb/view.php?id=3313 for more details.

  You are using a version of the UVM library that has been compiled
  with `UVM_OBJECT_DO_NOT_NEED_CONSTRUCTOR undefined.
  See http://www.eda.org/svdb/view.php?id=3770 for more details.

      (Specify +UVM_NO_RELNOTES to turn off this notice)


 VCS Coverage Metrics Release W-2024.09-SP1_Full64 Copyright (c) 1991-2024 by Synopsys Inc.
UVM_INFO @ 0: reporter [RNTST] Running test spiM_test...
*Verdi* Loading libsscore_vcs202409.so
FSDB Dumper for VCS, Release Verdi_W-2024.09-SP2, Linux x86_64/64bit, 03/03/2025
(C) 1996 - 2025 by Synopsys, Inc.
*Verdi* : Create FSDB file 'novas.fsdb'
*Verdi* : Begin traversing the scope (tb_spi_master_uvm), layer (0).
*Verdi* : Enable +all dumping.
*Verdi* : End of traversing.
UVM_INFO ./tb/tb_spi_master_uvm.sv(88) @ 0: uvm_test_top.env.agt.drv [spiM_driver] build_phase COMPLETE.
UVM_INFO ./tb/tb_spi_master_uvm.sv(168) @ 0: uvm_test_top.env.agt.mon [spiM_monitor] build_phase COMPLETE.
UVM_INFO ./tb/tb_spi_master_uvm.sv(138) @ 0: uvm_test_top.env.agt.drv [spiM_driver] Waiting for reset release...
UVM_INFO ./tb/tb_spi_master_uvm.sv(142) @ 65000: uvm_test_top.env.agt.drv [spiM_driver] Reset released. Start driving!
UVM_INFO ./tb/tb_spi_master_uvm.sv(130) @ 795000: uvm_test_top.env.agt.drv [DRV] Wait for DONE start
UVM_INFO ./tb/tb_spi_master_uvm.sv(132) @ 905000: uvm_test_top.env.agt.drv [DRV] Wait for DONE finish
UVM_INFO ./tb/tb_spi_master_uvm.sv(199) @ 905000: uvm_test_top.env.agt.mon [MON] Wait for SCLK start
UVM_INFO ./tb/tb_spi_master_uvm.sv(201) @ 915000: uvm_test_top.env.agt.mon [MON] Wait for SCLK finish
UVM_INFO ./tb/tb_spi_master_uvm.sv(67) @ 915000: uvm_test_top.env.agt.sqr@@seq [spiM_rand_seq] cpol=0 cpha=0 tx_data=22 miso_data=a5
UVM_INFO ./tb/tb_spi_master_uvm.sv(275) @ 915000: uvm_test_top.env.scb [spiM_scoreboard] ==MOSI PASS== Input:22 BUS:22
UVM_INFO ./tb/tb_spi_master_uvm.sv(285) @ 915000: uvm_test_top.env.scb [spiM_scoreboard] Success! Data:a5 matched
UVM_INFO ./tb/tb_spi_master_uvm.sv(130) @ 1635000: uvm_test_top.env.agt.drv [DRV] Wait for DONE start
UVM_INFO ./tb/tb_spi_master_uvm.sv(132) @ 1745000: uvm_test_top.env.agt.drv [DRV] Wait for DONE finish
UVM_INFO ./tb/tb_spi_master_uvm.sv(199) @ 1745000: uvm_test_top.env.agt.mon [MON] Wait for SCLK start
UVM_INFO ./tb/tb_spi_master_uvm.sv(201) @ 1755000: uvm_test_top.env.agt.mon [MON] Wait for SCLK finish
UVM_INFO ./tb/tb_spi_master_uvm.sv(67) @ 1755000: uvm_test_top.env.agt.sqr@@seq [spiM_rand_seq] cpol=1 cpha=0 tx_data=6a miso_data=a4
UVM_INFO ./tb/tb_spi_master_uvm.sv(275) @ 1755000: uvm_test_top.env.scb [spiM_scoreboard] ==MOSI PASS== Input:6a BUS:6a
UVM_INFO ./tb/tb_spi_master_uvm.sv(285) @ 1755000: uvm_test_top.env.scb [spiM_scoreboard] Success! Data:a4 matched
UVM_INFO ./tb/tb_spi_master_uvm.sv(130) @ 2525000: uvm_test_top.env.agt.drv [DRV] Wait for DONE start
UVM_INFO ./tb/tb_spi_master_uvm.sv(132) @ 2585000: uvm_test_top.env.agt.drv [DRV] Wait for DONE finish
UVM_INFO ./tb/tb_spi_master_uvm.sv(199) @ 2585000: uvm_test_top.env.agt.mon [MON] Wait for SCLK start
UVM_INFO ./tb/tb_spi_master_uvm.sv(201) @ 2595000: uvm_test_top.env.agt.mon [MON] Wait for SCLK finish
UVM_INFO ./tb/tb_spi_master_uvm.sv(67) @ 2595000: uvm_test_top.env.agt.sqr@@seq [spiM_rand_seq] cpol=0 cpha=1 tx_data=e5 miso_data=51
UVM_INFO ./tb/tb_spi_master_uvm.sv(275) @ 2595000: uvm_test_top.env.scb [spiM_scoreboard] ==MOSI PASS== Input:e5 BUS:e5
UVM_INFO ./tb/tb_spi_master_uvm.sv(285) @ 2595000: uvm_test_top.env.scb [spiM_scoreboard] Success! Data:51 matched
UVM_INFO ./tb/tb_spi_master_uvm.sv(130) @ 3315000: uvm_test_top.env.agt.drv [DRV] Wait for DONE start
UVM_INFO ./tb/tb_spi_master_uvm.sv(132) @ 3425000: uvm_test_top.env.agt.drv [DRV] Wait for DONE finish
UVM_INFO ./tb/tb_spi_master_uvm.sv(199) @ 3425000: uvm_test_top.env.agt.mon [MON] Wait for SCLK start
UVM_INFO ./tb/tb_spi_master_uvm.sv(201) @ 3435000: uvm_test_top.env.agt.mon [MON] Wait for SCLK finish
UVM_INFO ./tb/tb_spi_master_uvm.sv(67) @ 3435000: uvm_test_top.env.agt.sqr@@seq [spiM_rand_seq] cpol=0 cpha=0 tx_data=d7 miso_data=b9
UVM_INFO ./tb/tb_spi_master_uvm.sv(275) @ 3435000: uvm_test_top.env.scb [spiM_scoreboard] ==MOSI PASS== Input:d7 BUS:d7
UVM_INFO ./tb/tb_spi_master_uvm.sv(285) @ 3435000: uvm_test_top.env.scb [spiM_scoreboard] Success! Data:b9 matched
UVM_INFO ./tb/tb_spi_master_uvm.sv(130) @ 4205000: uvm_test_top.env.agt.drv [DRV] Wait for DONE start
UVM_INFO ./tb/tb_spi_master_uvm.sv(132) @ 4265000: uvm_test_top.env.agt.drv [DRV] Wait for DONE finish
UVM_INFO ./tb/tb_spi_master_uvm.sv(199) @ 4265000: uvm_test_top.env.agt.mon [MON] Wait for SCLK start
UVM_INFO ./tb/tb_spi_master_uvm.sv(201) @ 4275000: uvm_test_top.env.agt.mon [MON] Wait for SCLK finish
UVM_INFO ./tb/tb_spi_master_uvm.sv(67) @ 4275000: uvm_test_top.env.agt.sqr@@seq [spiM_rand_seq] cpol=1 cpha=1 tx_data=5 miso_data=a1
UVM_INFO ./tb/tb_spi_master_uvm.sv(275) @ 4275000: uvm_test_top.env.scb [spiM_scoreboard] ==MOSI PASS== Input:05 BUS:05
UVM_INFO ./tb/tb_spi_master_uvm.sv(285) @ 4275000: uvm_test_top.env.scb [spiM_scoreboard] Success! Data:a1 matched
UVM_INFO ./tb/tb_spi_master_uvm.sv(130) @ 4995000: uvm_test_top.env.agt.drv [DRV] Wait for DONE start
UVM_INFO ./tb/tb_spi_master_uvm.sv(132) @ 5105000: uvm_test_top.env.agt.drv [DRV] Wait for DONE finish
UVM_INFO ./tb/tb_spi_master_uvm.sv(199) @ 5105000: uvm_test_top.env.agt.mon [MON] Wait for SCLK start
UVM_INFO ./tb/tb_spi_master_uvm.sv(201) @ 5115000: uvm_test_top.env.agt.mon [MON] Wait for SCLK finish
UVM_INFO ./tb/tb_spi_master_uvm.sv(67) @ 5115000: uvm_test_top.env.agt.sqr@@seq [spiM_rand_seq] cpol=0 cpha=0 tx_data=ff miso_data=a
UVM_INFO ./tb/tb_spi_master_uvm.sv(275) @ 5115000: uvm_test_top.env.scb [spiM_scoreboard] ==MOSI PASS== Input:ff BUS:ff
UVM_INFO ./tb/tb_spi_master_uvm.sv(285) @ 5115000: uvm_test_top.env.scb [spiM_scoreboard] Success! Data:0a matched
UVM_INFO ./tb/tb_spi_master_uvm.sv(130) @ 5885000: uvm_test_top.env.agt.drv [DRV] Wait for DONE start
UVM_INFO ./tb/tb_spi_master_uvm.sv(132) @ 5945000: uvm_test_top.env.agt.drv [DRV] Wait for DONE finish
UVM_INFO ./tb/tb_spi_master_uvm.sv(199) @ 5945000: uvm_test_top.env.agt.mon [MON] Wait for SCLK start
UVM_INFO ./tb/tb_spi_master_uvm.sv(201) @ 5955000: uvm_test_top.env.agt.mon [MON] Wait for SCLK finish
UVM_INFO ./tb/tb_spi_master_uvm.sv(67) @ 5955000: uvm_test_top.env.agt.sqr@@seq [spiM_rand_seq] cpol=0 cpha=1 tx_data=5f miso_data=52
UVM_INFO ./tb/tb_spi_master_uvm.sv(275) @ 5955000: uvm_test_top.env.scb [spiM_scoreboard] ==MOSI PASS== Input:5f BUS:5f
UVM_INFO ./tb/tb_spi_master_uvm.sv(285) @ 5955000: uvm_test_top.env.scb [spiM_scoreboard] Success! Data:52 matched
UVM_INFO ./tb/tb_spi_master_uvm.sv(130) @ 6725000: uvm_test_top.env.agt.drv [DRV] Wait for DONE start
UVM_INFO ./tb/tb_spi_master_uvm.sv(132) @ 6785000: uvm_test_top.env.agt.drv [DRV] Wait for DONE finish
UVM_INFO ./tb/tb_spi_master_uvm.sv(199) @ 6785000: uvm_test_top.env.agt.mon [MON] Wait for SCLK start
UVM_INFO ./tb/tb_spi_master_uvm.sv(201) @ 6795000: uvm_test_top.env.agt.mon [MON] Wait for SCLK finish
UVM_INFO ./tb/tb_spi_master_uvm.sv(67) @ 6795000: uvm_test_top.env.agt.sqr@@seq [spiM_rand_seq] cpol=0 cpha=1 tx_data=84 miso_data=3a
UVM_INFO ./tb/tb_spi_master_uvm.sv(275) @ 6795000: uvm_test_top.env.scb [spiM_scoreboard] ==MOSI PASS== Input:84 BUS:84
UVM_INFO ./tb/tb_spi_master_uvm.sv(285) @ 6795000: uvm_test_top.env.scb [spiM_scoreboard] Success! Data:3a matched
UVM_INFO ./tb/tb_spi_master_uvm.sv(130) @ 7515000: uvm_test_top.env.agt.drv [DRV] Wait for DONE start
UVM_INFO ./tb/tb_spi_master_uvm.sv(132) @ 7625000: uvm_test_top.env.agt.drv [DRV] Wait for DONE finish
UVM_INFO ./tb/tb_spi_master_uvm.sv(199) @ 7625000: uvm_test_top.env.agt.mon [MON] Wait for SCLK start
UVM_INFO ./tb/tb_spi_master_uvm.sv(201) @ 7635000: uvm_test_top.env.agt.mon [MON] Wait for SCLK finish
UVM_INFO ./tb/tb_spi_master_uvm.sv(67) @ 7635000: uvm_test_top.env.agt.sqr@@seq [spiM_rand_seq] cpol=0 cpha=0 tx_data=30 miso_data=c9
UVM_INFO ./tb/tb_spi_master_uvm.sv(275) @ 7635000: uvm_test_top.env.scb [spiM_scoreboard] ==MOSI PASS== Input:30 BUS:30
UVM_INFO ./tb/tb_spi_master_uvm.sv(285) @ 7635000: uvm_test_top.env.scb [spiM_scoreboard] Success! Data:c9 matched
UVM_INFO ./tb/tb_spi_master_uvm.sv(130) @ 8355000: uvm_test_top.env.agt.drv [DRV] Wait for DONE start
UVM_INFO ./tb/tb_spi_master_uvm.sv(132) @ 8465000: uvm_test_top.env.agt.drv [DRV] Wait for DONE finish
UVM_INFO ./tb/tb_spi_master_uvm.sv(199) @ 8465000: uvm_test_top.env.agt.mon [MON] Wait for SCLK start
UVM_INFO ./tb/tb_spi_master_uvm.sv(201) @ 8475000: uvm_test_top.env.agt.mon [MON] Wait for SCLK finish
UVM_INFO ./tb/tb_spi_master_uvm.sv(67) @ 8475000: uvm_test_top.env.agt.sqr@@seq [spiM_rand_seq] cpol=1 cpha=0 tx_data=8 miso_data=59
UVM_INFO ./tb/tb_spi_master_uvm.sv(275) @ 8475000: uvm_test_top.env.scb [spiM_scoreboard] ==MOSI PASS== Input:08 BUS:08
UVM_INFO ./tb/tb_spi_master_uvm.sv(285) @ 8475000: uvm_test_top.env.scb [spiM_scoreboard] Success! Data:59 matched
UVM_INFO ./tb/tb_spi_master_uvm.sv(130) @ 9195000: uvm_test_top.env.agt.drv [DRV] Wait for DONE start
UVM_INFO ./tb/tb_spi_master_uvm.sv(132) @ 9305000: uvm_test_top.env.agt.drv [DRV] Wait for DONE finish
UVM_INFO ./tb/tb_spi_master_uvm.sv(199) @ 9305000: uvm_test_top.env.agt.mon [MON] Wait for SCLK start
UVM_INFO ./tb/tb_spi_master_uvm.sv(201) @ 9315000: uvm_test_top.env.agt.mon [MON] Wait for SCLK finish
UVM_INFO ./tb/tb_spi_master_uvm.sv(67) @ 9315000: uvm_test_top.env.agt.sqr@@seq [spiM_rand_seq] cpol=1 cpha=0 tx_data=99 miso_data=a6
UVM_INFO ./tb/tb_spi_master_uvm.sv(275) @ 9315000: uvm_test_top.env.scb [spiM_scoreboard] ==MOSI PASS== Input:99 BUS:99
UVM_INFO ./tb/tb_spi_master_uvm.sv(285) @ 9315000: uvm_test_top.env.scb [spiM_scoreboard] Success! Data:a6 matched
UVM_INFO ./tb/tb_spi_master_uvm.sv(130) @ 10085000: uvm_test_top.env.agt.drv [DRV] Wait for DONE start
UVM_INFO ./tb/tb_spi_master_uvm.sv(132) @ 10145000: uvm_test_top.env.agt.drv [DRV] Wait for DONE finish
UVM_INFO ./tb/tb_spi_master_uvm.sv(199) @ 10145000: uvm_test_top.env.agt.mon [MON] Wait for SCLK start
UVM_INFO ./tb/tb_spi_master_uvm.sv(201) @ 10155000: uvm_test_top.env.agt.mon [MON] Wait for SCLK finish
UVM_INFO ./tb/tb_spi_master_uvm.sv(67) @ 10155000: uvm_test_top.env.agt.sqr@@seq [spiM_rand_seq] cpol=1 cpha=1 tx_data=c8 miso_data=4a
UVM_INFO ./tb/tb_spi_master_uvm.sv(275) @ 10155000: uvm_test_top.env.scb [spiM_scoreboard] ==MOSI PASS== Input:c8 BUS:c8
UVM_INFO ./tb/tb_spi_master_uvm.sv(285) @ 10155000: uvm_test_top.env.scb [spiM_scoreboard] Success! Data:4a matched
UVM_INFO ./tb/tb_spi_master_uvm.sv(130) @ 10875000: uvm_test_top.env.agt.drv [DRV] Wait for DONE start
UVM_INFO ./tb/tb_spi_master_uvm.sv(132) @ 10985000: uvm_test_top.env.agt.drv [DRV] Wait for DONE finish
UVM_INFO ./tb/tb_spi_master_uvm.sv(199) @ 10985000: uvm_test_top.env.agt.mon [MON] Wait for SCLK start
UVM_INFO ./tb/tb_spi_master_uvm.sv(201) @ 10995000: uvm_test_top.env.agt.mon [MON] Wait for SCLK finish
UVM_INFO ./tb/tb_spi_master_uvm.sv(67) @ 10995000: uvm_test_top.env.agt.sqr@@seq [spiM_rand_seq] cpol=0 cpha=0 tx_data=ca miso_data=40
UVM_INFO ./tb/tb_spi_master_uvm.sv(275) @ 10995000: uvm_test_top.env.scb [spiM_scoreboard] ==MOSI PASS== Input:ca BUS:ca
UVM_INFO ./tb/tb_spi_master_uvm.sv(285) @ 10995000: uvm_test_top.env.scb [spiM_scoreboard] Success! Data:40 matched
UVM_INFO ./tb/tb_spi_master_uvm.sv(130) @ 11765000: uvm_test_top.env.agt.drv [DRV] Wait for DONE start
UVM_INFO ./tb/tb_spi_master_uvm.sv(132) @ 11825000: uvm_test_top.env.agt.drv [DRV] Wait for DONE finish
UVM_INFO ./tb/tb_spi_master_uvm.sv(199) @ 11825000: uvm_test_top.env.agt.mon [MON] Wait for SCLK start
UVM_INFO ./tb/tb_spi_master_uvm.sv(201) @ 11835000: uvm_test_top.env.agt.mon [MON] Wait for SCLK finish
UVM_INFO ./tb/tb_spi_master_uvm.sv(67) @ 11835000: uvm_test_top.env.agt.sqr@@seq [spiM_rand_seq] cpol=1 cpha=1 tx_data=e2 miso_data=1a
UVM_INFO ./tb/tb_spi_master_uvm.sv(275) @ 11835000: uvm_test_top.env.scb [spiM_scoreboard] ==MOSI PASS== Input:e2 BUS:e2
UVM_INFO ./tb/tb_spi_master_uvm.sv(285) @ 11835000: uvm_test_top.env.scb [spiM_scoreboard] Success! Data:1a matched
UVM_INFO ./tb/tb_spi_master_uvm.sv(130) @ 12555000: uvm_test_top.env.agt.drv [DRV] Wait for DONE start
UVM_INFO ./tb/tb_spi_master_uvm.sv(132) @ 12665000: uvm_test_top.env.agt.drv [DRV] Wait for DONE finish
UVM_INFO ./tb/tb_spi_master_uvm.sv(199) @ 12665000: uvm_test_top.env.agt.mon [MON] Wait for SCLK start
UVM_INFO ./tb/tb_spi_master_uvm.sv(201) @ 12675000: uvm_test_top.env.agt.mon [MON] Wait for SCLK finish
UVM_INFO ./tb/tb_spi_master_uvm.sv(67) @ 12675000: uvm_test_top.env.agt.sqr@@seq [spiM_rand_seq] cpol=1 cpha=0 tx_data=46 miso_data=e3
UVM_INFO ./tb/tb_spi_master_uvm.sv(275) @ 12675000: uvm_test_top.env.scb [spiM_scoreboard] ==MOSI PASS== Input:46 BUS:46
UVM_INFO ./tb/tb_spi_master_uvm.sv(285) @ 12675000: uvm_test_top.env.scb [spiM_scoreboard] Success! Data:e3 matched
UVM_INFO ./tb/tb_spi_master_uvm.sv(130) @ 13395000: uvm_test_top.env.agt.drv [DRV] Wait for DONE start
UVM_INFO ./tb/tb_spi_master_uvm.sv(132) @ 13505000: uvm_test_top.env.agt.drv [DRV] Wait for DONE finish
UVM_INFO ./tb/tb_spi_master_uvm.sv(199) @ 13505000: uvm_test_top.env.agt.mon [MON] Wait for SCLK start
UVM_INFO ./tb/tb_spi_master_uvm.sv(201) @ 13515000: uvm_test_top.env.agt.mon [MON] Wait for SCLK finish
UVM_INFO ./tb/tb_spi_master_uvm.sv(67) @ 13515000: uvm_test_top.env.agt.sqr@@seq [spiM_rand_seq] cpol=0 cpha=0 tx_data=86 miso_data=60
UVM_INFO ./tb/tb_spi_master_uvm.sv(275) @ 13515000: uvm_test_top.env.scb [spiM_scoreboard] ==MOSI PASS== Input:86 BUS:86
UVM_INFO ./tb/tb_spi_master_uvm.sv(285) @ 13515000: uvm_test_top.env.scb [spiM_scoreboard] Success! Data:60 matched
UVM_INFO ./tb/tb_spi_master_uvm.sv(130) @ 14285000: uvm_test_top.env.agt.drv [DRV] Wait for DONE start
UVM_INFO ./tb/tb_spi_master_uvm.sv(132) @ 14345000: uvm_test_top.env.agt.drv [DRV] Wait for DONE finish
UVM_INFO ./tb/tb_spi_master_uvm.sv(199) @ 14345000: uvm_test_top.env.agt.mon [MON] Wait for SCLK start
UVM_INFO ./tb/tb_spi_master_uvm.sv(201) @ 14355000: uvm_test_top.env.agt.mon [MON] Wait for SCLK finish
UVM_INFO ./tb/tb_spi_master_uvm.sv(67) @ 14355000: uvm_test_top.env.agt.sqr@@seq [spiM_rand_seq] cpol=0 cpha=1 tx_data=a9 miso_data=4d
UVM_INFO ./tb/tb_spi_master_uvm.sv(275) @ 14355000: uvm_test_top.env.scb [spiM_scoreboard] ==MOSI PASS== Input:a9 BUS:a9
UVM_INFO ./tb/tb_spi_master_uvm.sv(285) @ 14355000: uvm_test_top.env.scb [spiM_scoreboard] Success! Data:4d matched
UVM_INFO ./tb/tb_spi_master_uvm.sv(130) @ 15125000: uvm_test_top.env.agt.drv [DRV] Wait for DONE start
UVM_INFO ./tb/tb_spi_master_uvm.sv(132) @ 15185000: uvm_test_top.env.agt.drv [DRV] Wait for DONE finish
UVM_INFO ./tb/tb_spi_master_uvm.sv(199) @ 15185000: uvm_test_top.env.agt.mon [MON] Wait for SCLK start
UVM_INFO ./tb/tb_spi_master_uvm.sv(201) @ 15195000: uvm_test_top.env.agt.mon [MON] Wait for SCLK finish
UVM_INFO ./tb/tb_spi_master_uvm.sv(67) @ 15195000: uvm_test_top.env.agt.sqr@@seq [spiM_rand_seq] cpol=1 cpha=1 tx_data=74 miso_data=60
UVM_INFO ./tb/tb_spi_master_uvm.sv(275) @ 15195000: uvm_test_top.env.scb [spiM_scoreboard] ==MOSI PASS== Input:74 BUS:74
UVM_INFO ./tb/tb_spi_master_uvm.sv(285) @ 15195000: uvm_test_top.env.scb [spiM_scoreboard] Success! Data:60 matched
UVM_INFO ./tb/tb_spi_master_uvm.sv(130) @ 15965000: uvm_test_top.env.agt.drv [DRV] Wait for DONE start
UVM_INFO ./tb/tb_spi_master_uvm.sv(132) @ 16025000: uvm_test_top.env.agt.drv [DRV] Wait for DONE finish
UVM_INFO ./tb/tb_spi_master_uvm.sv(199) @ 16025000: uvm_test_top.env.agt.mon [MON] Wait for SCLK start
UVM_INFO ./tb/tb_spi_master_uvm.sv(201) @ 16035000: uvm_test_top.env.agt.mon [MON] Wait for SCLK finish
UVM_INFO ./tb/tb_spi_master_uvm.sv(67) @ 16035000: uvm_test_top.env.agt.sqr@@seq [spiM_rand_seq] cpol=1 cpha=1 tx_data=a miso_data=43
UVM_INFO ./tb/tb_spi_master_uvm.sv(275) @ 16035000: uvm_test_top.env.scb [spiM_scoreboard] ==MOSI PASS== Input:0a BUS:0a
UVM_INFO ./tb/tb_spi_master_uvm.sv(285) @ 16035000: uvm_test_top.env.scb [spiM_scoreboard] Success! Data:43 matched
UVM_INFO ./tb/tb_spi_master_uvm.sv(130) @ 16755000: uvm_test_top.env.agt.drv [DRV] Wait for DONE start
UVM_INFO ./tb/tb_spi_master_uvm.sv(132) @ 16865000: uvm_test_top.env.agt.drv [DRV] Wait for DONE finish
UVM_INFO ./tb/tb_spi_master_uvm.sv(199) @ 16865000: uvm_test_top.env.agt.mon [MON] Wait for SCLK start
UVM_INFO ./tb/tb_spi_master_uvm.sv(201) @ 16875000: uvm_test_top.env.agt.mon [MON] Wait for SCLK finish
UVM_INFO ./tb/tb_spi_master_uvm.sv(67) @ 16875000: uvm_test_top.env.agt.sqr@@seq [spiM_rand_seq] cpol=0 cpha=0 tx_data=9d miso_data=c
UVM_INFO ./tb/tb_spi_master_uvm.sv(275) @ 16875000: uvm_test_top.env.scb [spiM_scoreboard] ==MOSI PASS== Input:9d BUS:9d
UVM_INFO ./tb/tb_spi_master_uvm.sv(285) @ 16875000: uvm_test_top.env.scb [spiM_scoreboard] Success! Data:0c matched
UVM_INFO ./tb/tb_spi_master_uvm.sv(130) @ 17595000: uvm_test_top.env.agt.drv [DRV] Wait for DONE start
UVM_INFO ./tb/tb_spi_master_uvm.sv(132) @ 17705000: uvm_test_top.env.agt.drv [DRV] Wait for DONE finish
UVM_INFO ./tb/tb_spi_master_uvm.sv(199) @ 17705000: uvm_test_top.env.agt.mon [MON] Wait for SCLK start
UVM_INFO ./tb/tb_spi_master_uvm.sv(201) @ 17715000: uvm_test_top.env.agt.mon [MON] Wait for SCLK finish
UVM_INFO ./tb/tb_spi_master_uvm.sv(67) @ 17715000: uvm_test_top.env.agt.sqr@@seq [spiM_rand_seq] cpol=1 cpha=0 tx_data=3c miso_data=b
UVM_INFO ./tb/tb_spi_master_uvm.sv(275) @ 17715000: uvm_test_top.env.scb [spiM_scoreboard] ==MOSI PASS== Input:3c BUS:3c
UVM_INFO ./tb/tb_spi_master_uvm.sv(285) @ 17715000: uvm_test_top.env.scb [spiM_scoreboard] Success! Data:0b matched
UVM_INFO ./tb/tb_spi_master_uvm.sv(130) @ 18485000: uvm_test_top.env.agt.drv [DRV] Wait for DONE start
UVM_INFO ./tb/tb_spi_master_uvm.sv(132) @ 18545000: uvm_test_top.env.agt.drv [DRV] Wait for DONE finish
UVM_INFO ./tb/tb_spi_master_uvm.sv(199) @ 18545000: uvm_test_top.env.agt.mon [MON] Wait for SCLK start
UVM_INFO ./tb/tb_spi_master_uvm.sv(201) @ 18555000: uvm_test_top.env.agt.mon [MON] Wait for SCLK finish
UVM_INFO ./tb/tb_spi_master_uvm.sv(67) @ 18555000: uvm_test_top.env.agt.sqr@@seq [spiM_rand_seq] cpol=1 cpha=1 tx_data=94 miso_data=be
UVM_INFO ./tb/tb_spi_master_uvm.sv(275) @ 18555000: uvm_test_top.env.scb [spiM_scoreboard] ==MOSI PASS== Input:94 BUS:94
UVM_INFO ./tb/tb_spi_master_uvm.sv(285) @ 18555000: uvm_test_top.env.scb [spiM_scoreboard] Success! Data:be matched
UVM_INFO ./tb/tb_spi_master_uvm.sv(130) @ 19275000: uvm_test_top.env.agt.drv [DRV] Wait for DONE start
UVM_INFO ./tb/tb_spi_master_uvm.sv(132) @ 19385000: uvm_test_top.env.agt.drv [DRV] Wait for DONE finish
UVM_INFO ./tb/tb_spi_master_uvm.sv(199) @ 19385000: uvm_test_top.env.agt.mon [MON] Wait for SCLK start
UVM_INFO ./tb/tb_spi_master_uvm.sv(201) @ 19395000: uvm_test_top.env.agt.mon [MON] Wait for SCLK finish
UVM_INFO ./tb/tb_spi_master_uvm.sv(67) @ 19395000: uvm_test_top.env.agt.sqr@@seq [spiM_rand_seq] cpol=0 cpha=0 tx_data=a2 miso_data=e6
UVM_INFO ./tb/tb_spi_master_uvm.sv(275) @ 19395000: uvm_test_top.env.scb [spiM_scoreboard] ==MOSI PASS== Input:a2 BUS:a2
UVM_INFO ./tb/tb_spi_master_uvm.sv(285) @ 19395000: uvm_test_top.env.scb [spiM_scoreboard] Success! Data:e6 matched
UVM_INFO ./tb/tb_spi_master_uvm.sv(130) @ 20115000: uvm_test_top.env.agt.drv [DRV] Wait for DONE start
UVM_INFO ./tb/tb_spi_master_uvm.sv(132) @ 20225000: uvm_test_top.env.agt.drv [DRV] Wait for DONE finish
UVM_INFO ./tb/tb_spi_master_uvm.sv(199) @ 20225000: uvm_test_top.env.agt.mon [MON] Wait for SCLK start
UVM_INFO ./tb/tb_spi_master_uvm.sv(201) @ 20235000: uvm_test_top.env.agt.mon [MON] Wait for SCLK finish
UVM_INFO ./tb/tb_spi_master_uvm.sv(67) @ 20235000: uvm_test_top.env.agt.sqr@@seq [spiM_rand_seq] cpol=0 cpha=0 tx_data=df miso_data=cd
UVM_INFO ./tb/tb_spi_master_uvm.sv(275) @ 20235000: uvm_test_top.env.scb [spiM_scoreboard] ==MOSI PASS== Input:df BUS:df
UVM_INFO ./tb/tb_spi_master_uvm.sv(285) @ 20235000: uvm_test_top.env.scb [spiM_scoreboard] Success! Data:cd matched
UVM_INFO ./tb/tb_spi_master_uvm.sv(130) @ 21005000: uvm_test_top.env.agt.drv [DRV] Wait for DONE start
UVM_INFO ./tb/tb_spi_master_uvm.sv(132) @ 21065000: uvm_test_top.env.agt.drv [DRV] Wait for DONE finish
UVM_INFO ./tb/tb_spi_master_uvm.sv(199) @ 21065000: uvm_test_top.env.agt.mon [MON] Wait for SCLK start
UVM_INFO ./tb/tb_spi_master_uvm.sv(201) @ 21075000: uvm_test_top.env.agt.mon [MON] Wait for SCLK finish
UVM_INFO ./tb/tb_spi_master_uvm.sv(67) @ 21075000: uvm_test_top.env.agt.sqr@@seq [spiM_rand_seq] cpol=0 cpha=1 tx_data=4c miso_data=3e
UVM_INFO ./tb/tb_spi_master_uvm.sv(275) @ 21075000: uvm_test_top.env.scb [spiM_scoreboard] ==MOSI PASS== Input:4c BUS:4c
UVM_INFO ./tb/tb_spi_master_uvm.sv(285) @ 21075000: uvm_test_top.env.scb [spiM_scoreboard] Success! Data:3e matched
UVM_INFO ./tb/tb_spi_master_uvm.sv(130) @ 21795000: uvm_test_top.env.agt.drv [DRV] Wait for DONE start
UVM_INFO ./tb/tb_spi_master_uvm.sv(132) @ 21905000: uvm_test_top.env.agt.drv [DRV] Wait for DONE finish
UVM_INFO ./tb/tb_spi_master_uvm.sv(199) @ 21905000: uvm_test_top.env.agt.mon [MON] Wait for SCLK start
UVM_INFO ./tb/tb_spi_master_uvm.sv(201) @ 21915000: uvm_test_top.env.agt.mon [MON] Wait for SCLK finish
UVM_INFO ./tb/tb_spi_master_uvm.sv(67) @ 21915000: uvm_test_top.env.agt.sqr@@seq [spiM_rand_seq] cpol=1 cpha=0 tx_data=9e miso_data=4c
UVM_INFO ./tb/tb_spi_master_uvm.sv(275) @ 21915000: uvm_test_top.env.scb [spiM_scoreboard] ==MOSI PASS== Input:9e BUS:9e
UVM_INFO ./tb/tb_spi_master_uvm.sv(285) @ 21915000: uvm_test_top.env.scb [spiM_scoreboard] Success! Data:4c matched
UVM_INFO ./tb/tb_spi_master_uvm.sv(130) @ 22685000: uvm_test_top.env.agt.drv [DRV] Wait for DONE start
UVM_INFO ./tb/tb_spi_master_uvm.sv(132) @ 22745000: uvm_test_top.env.agt.drv [DRV] Wait for DONE finish
UVM_INFO ./tb/tb_spi_master_uvm.sv(199) @ 22745000: uvm_test_top.env.agt.mon [MON] Wait for SCLK start
UVM_INFO ./tb/tb_spi_master_uvm.sv(201) @ 22755000: uvm_test_top.env.agt.mon [MON] Wait for SCLK finish
UVM_INFO ./tb/tb_spi_master_uvm.sv(67) @ 22755000: uvm_test_top.env.agt.sqr@@seq [spiM_rand_seq] cpol=0 cpha=1 tx_data=d miso_data=ce
UVM_INFO ./tb/tb_spi_master_uvm.sv(275) @ 22755000: uvm_test_top.env.scb [spiM_scoreboard] ==MOSI PASS== Input:0d BUS:0d
UVM_INFO ./tb/tb_spi_master_uvm.sv(285) @ 22755000: uvm_test_top.env.scb [spiM_scoreboard] Success! Data:ce matched
UVM_INFO ./tb/tb_spi_master_uvm.sv(130) @ 23525000: uvm_test_top.env.agt.drv [DRV] Wait for DONE start
UVM_INFO ./tb/tb_spi_master_uvm.sv(132) @ 23585000: uvm_test_top.env.agt.drv [DRV] Wait for DONE finish
UVM_INFO ./tb/tb_spi_master_uvm.sv(199) @ 23585000: uvm_test_top.env.agt.mon [MON] Wait for SCLK start
UVM_INFO ./tb/tb_spi_master_uvm.sv(201) @ 23595000: uvm_test_top.env.agt.mon [MON] Wait for SCLK finish
UVM_INFO ./tb/tb_spi_master_uvm.sv(67) @ 23595000: uvm_test_top.env.agt.sqr@@seq [spiM_rand_seq] cpol=1 cpha=1 tx_data=f9 miso_data=fc
UVM_INFO ./tb/tb_spi_master_uvm.sv(275) @ 23595000: uvm_test_top.env.scb [spiM_scoreboard] ==MOSI PASS== Input:f9 BUS:f9
UVM_INFO ./tb/tb_spi_master_uvm.sv(285) @ 23595000: uvm_test_top.env.scb [spiM_scoreboard] Success! Data:fc matched
UVM_INFO ./tb/tb_spi_master_uvm.sv(130) @ 24315000: uvm_test_top.env.agt.drv [DRV] Wait for DONE start
UVM_INFO ./tb/tb_spi_master_uvm.sv(132) @ 24425000: uvm_test_top.env.agt.drv [DRV] Wait for DONE finish
UVM_INFO ./tb/tb_spi_master_uvm.sv(199) @ 24425000: uvm_test_top.env.agt.mon [MON] Wait for SCLK start
UVM_INFO ./tb/tb_spi_master_uvm.sv(201) @ 24435000: uvm_test_top.env.agt.mon [MON] Wait for SCLK finish
UVM_INFO ./tb/tb_spi_master_uvm.sv(67) @ 24435000: uvm_test_top.env.agt.sqr@@seq [spiM_rand_seq] cpol=0 cpha=0 tx_data=8f miso_data=a9
UVM_INFO ./tb/tb_spi_master_uvm.sv(275) @ 24435000: uvm_test_top.env.scb [spiM_scoreboard] ==MOSI PASS== Input:8f BUS:8f
UVM_INFO ./tb/tb_spi_master_uvm.sv(285) @ 24435000: uvm_test_top.env.scb [spiM_scoreboard] Success! Data:a9 matched
UVM_INFO ./tb/tb_spi_master_uvm.sv(130) @ 25205000: uvm_test_top.env.agt.drv [DRV] Wait for DONE start
UVM_INFO ./tb/tb_spi_master_uvm.sv(132) @ 25265000: uvm_test_top.env.agt.drv [DRV] Wait for DONE finish
UVM_INFO ./tb/tb_spi_master_uvm.sv(199) @ 25265000: uvm_test_top.env.agt.mon [MON] Wait for SCLK start
UVM_INFO ./tb/tb_spi_master_uvm.sv(201) @ 25275000: uvm_test_top.env.agt.mon [MON] Wait for SCLK finish
UVM_INFO ./tb/tb_spi_master_uvm.sv(67) @ 25275000: uvm_test_top.env.agt.sqr@@seq [spiM_rand_seq] cpol=1 cpha=1 tx_data=c miso_data=9d
UVM_INFO ./tb/tb_spi_master_uvm.sv(275) @ 25275000: uvm_test_top.env.scb [spiM_scoreboard] ==MOSI PASS== Input:0c BUS:0c
UVM_INFO ./tb/tb_spi_master_uvm.sv(285) @ 25275000: uvm_test_top.env.scb [spiM_scoreboard] Success! Data:9d matched
UVM_INFO ./tb/tb_spi_master_uvm.sv(130) @ 25995000: uvm_test_top.env.agt.drv [DRV] Wait for DONE start
UVM_INFO ./tb/tb_spi_master_uvm.sv(132) @ 26105000: uvm_test_top.env.agt.drv [DRV] Wait for DONE finish
UVM_INFO ./tb/tb_spi_master_uvm.sv(199) @ 26105000: uvm_test_top.env.agt.mon [MON] Wait for SCLK start
UVM_INFO ./tb/tb_spi_master_uvm.sv(201) @ 26115000: uvm_test_top.env.agt.mon [MON] Wait for SCLK finish
UVM_INFO ./tb/tb_spi_master_uvm.sv(67) @ 26115000: uvm_test_top.env.agt.sqr@@seq [spiM_rand_seq] cpol=0 cpha=0 tx_data=70 miso_data=60
UVM_INFO ./tb/tb_spi_master_uvm.sv(275) @ 26115000: uvm_test_top.env.scb [spiM_scoreboard] ==MOSI PASS== Input:70 BUS:70
UVM_INFO ./tb/tb_spi_master_uvm.sv(285) @ 26115000: uvm_test_top.env.scb [spiM_scoreboard] Success! Data:60 matched
UVM_INFO ./tb/tb_spi_master_uvm.sv(130) @ 26835000: uvm_test_top.env.agt.drv [DRV] Wait for DONE start
UVM_INFO ./tb/tb_spi_master_uvm.sv(132) @ 26945000: uvm_test_top.env.agt.drv [DRV] Wait for DONE finish
UVM_INFO ./tb/tb_spi_master_uvm.sv(199) @ 26945000: uvm_test_top.env.agt.mon [MON] Wait for SCLK start
UVM_INFO ./tb/tb_spi_master_uvm.sv(201) @ 26955000: uvm_test_top.env.agt.mon [MON] Wait for SCLK finish
UVM_INFO ./tb/tb_spi_master_uvm.sv(67) @ 26955000: uvm_test_top.env.agt.sqr@@seq [spiM_rand_seq] cpol=1 cpha=0 tx_data=39 miso_data=9c
UVM_INFO ./tb/tb_spi_master_uvm.sv(275) @ 26955000: uvm_test_top.env.scb [spiM_scoreboard] ==MOSI PASS== Input:39 BUS:39
UVM_INFO ./tb/tb_spi_master_uvm.sv(285) @ 26955000: uvm_test_top.env.scb [spiM_scoreboard] Success! Data:9c matched
UVM_INFO ./tb/tb_spi_master_uvm.sv(130) @ 27675000: uvm_test_top.env.agt.drv [DRV] Wait for DONE start
UVM_INFO ./tb/tb_spi_master_uvm.sv(132) @ 27785000: uvm_test_top.env.agt.drv [DRV] Wait for DONE finish
UVM_INFO ./tb/tb_spi_master_uvm.sv(199) @ 27785000: uvm_test_top.env.agt.mon [MON] Wait for SCLK start
UVM_INFO ./tb/tb_spi_master_uvm.sv(201) @ 27795000: uvm_test_top.env.agt.mon [MON] Wait for SCLK finish
UVM_INFO ./tb/tb_spi_master_uvm.sv(67) @ 27795000: uvm_test_top.env.agt.sqr@@seq [spiM_rand_seq] cpol=0 cpha=0 tx_data=78 miso_data=47
UVM_INFO ./tb/tb_spi_master_uvm.sv(275) @ 27795000: uvm_test_top.env.scb [spiM_scoreboard] ==MOSI PASS== Input:78 BUS:78
UVM_INFO ./tb/tb_spi_master_uvm.sv(285) @ 27795000: uvm_test_top.env.scb [spiM_scoreboard] Success! Data:47 matched
UVM_INFO ./tb/tb_spi_master_uvm.sv(130) @ 28565000: uvm_test_top.env.agt.drv [DRV] Wait for DONE start
UVM_INFO ./tb/tb_spi_master_uvm.sv(132) @ 28625000: uvm_test_top.env.agt.drv [DRV] Wait for DONE finish
UVM_INFO ./tb/tb_spi_master_uvm.sv(199) @ 28625000: uvm_test_top.env.agt.mon [MON] Wait for SCLK start
UVM_INFO ./tb/tb_spi_master_uvm.sv(201) @ 28635000: uvm_test_top.env.agt.mon [MON] Wait for SCLK finish
UVM_INFO ./tb/tb_spi_master_uvm.sv(67) @ 28635000: uvm_test_top.env.agt.sqr@@seq [spiM_rand_seq] cpol=0 cpha=1 tx_data=4 miso_data=a3
UVM_INFO ./tb/tb_spi_master_uvm.sv(275) @ 28635000: uvm_test_top.env.scb [spiM_scoreboard] ==MOSI PASS== Input:04 BUS:04
UVM_INFO ./tb/tb_spi_master_uvm.sv(285) @ 28635000: uvm_test_top.env.scb [spiM_scoreboard] Success! Data:a3 matched
UVM_INFO ./tb/tb_spi_master_uvm.sv(130) @ 29405000: uvm_test_top.env.agt.drv [DRV] Wait for DONE start
UVM_INFO ./tb/tb_spi_master_uvm.sv(132) @ 29465000: uvm_test_top.env.agt.drv [DRV] Wait for DONE finish
UVM_INFO ./tb/tb_spi_master_uvm.sv(199) @ 29465000: uvm_test_top.env.agt.mon [MON] Wait for SCLK start
UVM_INFO ./tb/tb_spi_master_uvm.sv(201) @ 29475000: uvm_test_top.env.agt.mon [MON] Wait for SCLK finish
UVM_INFO ./tb/tb_spi_master_uvm.sv(67) @ 29475000: uvm_test_top.env.agt.sqr@@seq [spiM_rand_seq] cpol=0 cpha=1 tx_data=65 miso_data=d7
UVM_INFO ./tb/tb_spi_master_uvm.sv(275) @ 29475000: uvm_test_top.env.scb [spiM_scoreboard] ==MOSI PASS== Input:65 BUS:65
UVM_INFO ./tb/tb_spi_master_uvm.sv(285) @ 29475000: uvm_test_top.env.scb [spiM_scoreboard] Success! Data:d7 matched
UVM_INFO ./tb/tb_spi_master_uvm.sv(130) @ 30245000: uvm_test_top.env.agt.drv [DRV] Wait for DONE start
UVM_INFO ./tb/tb_spi_master_uvm.sv(132) @ 30305000: uvm_test_top.env.agt.drv [DRV] Wait for DONE finish
UVM_INFO ./tb/tb_spi_master_uvm.sv(199) @ 30305000: uvm_test_top.env.agt.mon [MON] Wait for SCLK start
UVM_INFO ./tb/tb_spi_master_uvm.sv(201) @ 30315000: uvm_test_top.env.agt.mon [MON] Wait for SCLK finish
UVM_INFO ./tb/tb_spi_master_uvm.sv(67) @ 30315000: uvm_test_top.env.agt.sqr@@seq [spiM_rand_seq] cpol=0 cpha=1 tx_data=5b miso_data=3c
UVM_INFO ./tb/tb_spi_master_uvm.sv(275) @ 30315000: uvm_test_top.env.scb [spiM_scoreboard] ==MOSI PASS== Input:5b BUS:5b
UVM_INFO ./tb/tb_spi_master_uvm.sv(285) @ 30315000: uvm_test_top.env.scb [spiM_scoreboard] Success! Data:3c matched
UVM_INFO ./tb/tb_spi_master_uvm.sv(130) @ 31085000: uvm_test_top.env.agt.drv [DRV] Wait for DONE start
UVM_INFO ./tb/tb_spi_master_uvm.sv(132) @ 31145000: uvm_test_top.env.agt.drv [DRV] Wait for DONE finish
UVM_INFO ./tb/tb_spi_master_uvm.sv(199) @ 31145000: uvm_test_top.env.agt.mon [MON] Wait for SCLK start
UVM_INFO ./tb/tb_spi_master_uvm.sv(201) @ 31155000: uvm_test_top.env.agt.mon [MON] Wait for SCLK finish
UVM_INFO ./tb/tb_spi_master_uvm.sv(67) @ 31155000: uvm_test_top.env.agt.sqr@@seq [spiM_rand_seq] cpol=0 cpha=1 tx_data=d8 miso_data=a7
UVM_INFO ./tb/tb_spi_master_uvm.sv(275) @ 31155000: uvm_test_top.env.scb [spiM_scoreboard] ==MOSI PASS== Input:d8 BUS:d8
UVM_INFO ./tb/tb_spi_master_uvm.sv(285) @ 31155000: uvm_test_top.env.scb [spiM_scoreboard] Success! Data:a7 matched
UVM_INFO ./tb/tb_spi_master_uvm.sv(130) @ 31925000: uvm_test_top.env.agt.drv [DRV] Wait for DONE start
UVM_INFO ./tb/tb_spi_master_uvm.sv(132) @ 31985000: uvm_test_top.env.agt.drv [DRV] Wait for DONE finish
UVM_INFO ./tb/tb_spi_master_uvm.sv(199) @ 31985000: uvm_test_top.env.agt.mon [MON] Wait for SCLK start
UVM_INFO ./tb/tb_spi_master_uvm.sv(201) @ 31995000: uvm_test_top.env.agt.mon [MON] Wait for SCLK finish
UVM_INFO ./tb/tb_spi_master_uvm.sv(67) @ 31995000: uvm_test_top.env.agt.sqr@@seq [spiM_rand_seq] cpol=0 cpha=1 tx_data=4e miso_data=69
UVM_INFO ./tb/tb_spi_master_uvm.sv(275) @ 31995000: uvm_test_top.env.scb [spiM_scoreboard] ==MOSI PASS== Input:4e BUS:4e
UVM_INFO ./tb/tb_spi_master_uvm.sv(285) @ 31995000: uvm_test_top.env.scb [spiM_scoreboard] Success! Data:69 matched
UVM_INFO ./tb/tb_spi_master_uvm.sv(130) @ 32765000: uvm_test_top.env.agt.drv [DRV] Wait for DONE start
UVM_INFO ./tb/tb_spi_master_uvm.sv(132) @ 32825000: uvm_test_top.env.agt.drv [DRV] Wait for DONE finish
UVM_INFO ./tb/tb_spi_master_uvm.sv(199) @ 32825000: uvm_test_top.env.agt.mon [MON] Wait for SCLK start
UVM_INFO ./tb/tb_spi_master_uvm.sv(201) @ 32835000: uvm_test_top.env.agt.mon [MON] Wait for SCLK finish
UVM_INFO ./tb/tb_spi_master_uvm.sv(67) @ 32835000: uvm_test_top.env.agt.sqr@@seq [spiM_rand_seq] cpol=1 cpha=1 tx_data=2e miso_data=a2
UVM_INFO ./tb/tb_spi_master_uvm.sv(275) @ 32835000: uvm_test_top.env.scb [spiM_scoreboard] ==MOSI PASS== Input:2e BUS:2e
UVM_INFO ./tb/tb_spi_master_uvm.sv(285) @ 32835000: uvm_test_top.env.scb [spiM_scoreboard] Success! Data:a2 matched
UVM_INFO ./tb/tb_spi_master_uvm.sv(130) @ 33555000: uvm_test_top.env.agt.drv [DRV] Wait for DONE start
UVM_INFO ./tb/tb_spi_master_uvm.sv(132) @ 33665000: uvm_test_top.env.agt.drv [DRV] Wait for DONE finish
UVM_INFO ./tb/tb_spi_master_uvm.sv(199) @ 33665000: uvm_test_top.env.agt.mon [MON] Wait for SCLK start
UVM_INFO ./tb/tb_spi_master_uvm.sv(201) @ 33675000: uvm_test_top.env.agt.mon [MON] Wait for SCLK finish
UVM_INFO ./tb/tb_spi_master_uvm.sv(67) @ 33675000: uvm_test_top.env.agt.sqr@@seq [spiM_rand_seq] cpol=0 cpha=0 tx_data=ec miso_data=f3
UVM_INFO ./tb/tb_spi_master_uvm.sv(275) @ 33675000: uvm_test_top.env.scb [spiM_scoreboard] ==MOSI PASS== Input:ec BUS:ec
UVM_INFO ./tb/tb_spi_master_uvm.sv(285) @ 33675000: uvm_test_top.env.scb [spiM_scoreboard] Success! Data:f3 matched
UVM_INFO /tools/synopsys/vcs/W-2024.09-SP1/etc/uvm-1.2/base/uvm_objection.svh(1276) @ 33675000: reporter [TEST_DONE] 'run' phase is ready to proceed to the 'extract' phase
UVM_INFO ./tb/tb_spi_master_uvm.sv(328) @ 33675000: uvm_test_top.env.cov [spiM_coverage]   ===== Coverage Summary =====  
UVM_INFO ./tb/tb_spi_master_uvm.sv(329) @ 33675000: uvm_test_top.env.cov [spiM_coverage]  mosi_data : 100.0%
UVM_INFO ./tb/tb_spi_master_uvm.sv(330) @ 33675000: uvm_test_top.env.cov [spiM_coverage]  miso_data : 100.0%
UVM_INFO ./tb/tb_spi_master_uvm.sv(331) @ 33675000: uvm_test_top.env.cov [spiM_coverage]       mode : 100.0%
UVM_INFO ./tb/tb_spi_master_uvm.sv(332) @ 33675000: uvm_test_top.env.cov [spiM_coverage]   ===== Coverage Summary =====  


UVM_INFO ./tb/tb_spi_master_uvm.sv(291) @ 33675000: uvm_test_top.env.scb [spiM_scoreboard] ========== SPI MASTER Summary ==========
UVM_INFO ./tb/tb_spi_master_uvm.sv(292) @ 33675000: uvm_test_top.env.scb [spiM_scoreboard]  Result      : ** PASS **
UVM_INFO ./tb/tb_spi_master_uvm.sv(293) @ 33675000: uvm_test_top.env.scb [spiM_scoreboard]  MISO PASSED : 40
UVM_INFO ./tb/tb_spi_master_uvm.sv(294) @ 33675000: uvm_test_top.env.scb [spiM_scoreboard]  MOSI PASSED : 40
UVM_INFO ./tb/tb_spi_master_uvm.sv(295) @ 33675000: uvm_test_top.env.scb [spiM_scoreboard]  MISO ERROR  : 0
UVM_INFO ./tb/tb_spi_master_uvm.sv(296) @ 33675000: uvm_test_top.env.scb [spiM_scoreboard]  MOSI ERROR  : 0
UVM_INFO ./tb/tb_spi_master_uvm.sv(297) @ 33675000: uvm_test_top.env.scb [spiM_scoreboard] =======================================
UVM_INFO /tools/synopsys/vcs/W-2024.09-SP1/etc/uvm-1.2/base/uvm_report_catcher.svh(705) @ 33675000: reporter [UVM/REPORT/CATCHER] 
--- UVM Report catcher Summary ---


Number of demoted UVM_FATAL reports  :    0
Number of demoted UVM_ERROR reports  :    0
Number of demoted UVM_WARNING reports:    0
Number of caught UVM_FATAL reports   :    0
Number of caught UVM_ERROR reports   :    0
Number of caught UVM_WARNING reports :    0

UVM_INFO /tools/synopsys/vcs/W-2024.09-SP1/etc/uvm-1.2/base/uvm_report_server.svh(904) @ 33675000: reporter [UVM/REPORT/SERVER] 
--- UVM Report Summary ---

** Report counts by severity
UVM_INFO :  300
UVM_WARNING :    0
UVM_ERROR :    0
UVM_FATAL :    0
** Report counts by id
[DRV]    80
[MON]    80
[RNTST]     1
[TEST_DONE]     1
[UVM/RELNOTES]     1
[UVM/REPORT/CATCHER]     1
[spiM_coverage]     5
[spiM_driver]     3
[spiM_monitor]     1
[spiM_rand_seq]    40
[spiM_scoreboard]    87

$finish called from file "/tools/synopsys/vcs/W-2024.09-SP1/etc/uvm-1.2/base/uvm_root.svh", line 527.
$finish at simulation time             33675000

---------------------------------------------------------------------------
VCS Coverage Metrics: during simulation line, cond, FSM, branch, tgl was monitored
---------------------------------------------------------------------------

 Coverage status: End of All Coverages ...

           V C S   S i m u l a t i o n   R e p o r t 
Time: 33675000 ps
CPU Time:      0.240 seconds;       Data structure size:   0.6Mb
Mon Apr 20 00:32:17 2026
