Info: [VCS_SAVE_RESTORE_INFO] ASLR (Address Space Layout Randomization) is detected on the machine. To enable $save functionality, ASLR will be switched off and simv re-executed.
Please use '-no_save' simv switch to avoid re-execution or '-suppress=ASLR_DETECTED_INFO' to suppress this message.
Chronologic VCS simulator copyright 1991-2024
Contains Synopsys proprietary information.
Compiler version W-2024.09-SP1_Full64; Runtime version W-2024.09-SP1_Full64;  Apr  7 11:11 2026
UVM_INFO /tools/synopsys/vcs/W-2024.09-SP1/etc/uvm-1.2/base/uvm_root.svh(402) @ 0: reporter [UVM/RELNOTES] 
----------------------------------------------------------------
UVM-1.2.Synopsys
(C) 2007-2014 Mentor Graphics Corporation
(C) 2007-2014 Cadence Design Systems, Inc.
(C) 2006-2014 Synopsys, Inc.
(C) 2011-2013 Cypress Semiconductor Corp.
(C) 2013-2014 NVIDIA Corporation
----------------------------------------------------------------

  ***********       IMPORTANT RELEASE NOTES         ************

  You are using a version of the UVM library that has been compiled
  with `UVM_NO_DEPRECATED undefined.
  See http://www.eda.org/svdb/view.php?id=3313 for more details.

  You are using a version of the UVM library that has been compiled
  with `UVM_OBJECT_DO_NOT_NEED_CONSTRUCTOR undefined.
  See http://www.eda.org/svdb/view.php?id=3770 for more details.

      (Specify +UVM_NO_RELNOTES to turn off this notice)

==== 랜덤 패킷 10개 생성 ==== 
   [1] addr=0x00, data=0xb9a6b5dc, WR, priority=0
   [2] addr=0x02, data=0x622cf780, WR, priority=3
   [3] addr=0x02, data=0xb3c22114, RD, priority=1
   [4] addr=0x0b, data=0xb931daf8, RD, priority=2
   [5] addr=0x08, data=0x2edcaef8, WR, priority=0
   [6] addr=0x00, data=0xc87f2c70, WR, priority=3
   [7] addr=0x0b, data=0x6ef8f1c0, RD, priority=1
   [8] addr=0x04, data=0x9102aa08, WR, priority=2
   [9] addr=0x0f, data=0xe3c15454, WR, priority=3
           V C S   S i m u l a t i o n   R e p o r t 
Time: 0 ps
CPU Time:      0.170 seconds;       Data structure size:   0.5Mb
Tue Apr  7 11:11:03 2026
