Info: [VCS_SAVE_RESTORE_INFO] ASLR (Address Space Layout Randomization) is detected on the machine. To enable $save functionality, ASLR will be switched off and simv re-executed.
Please use '-no_save' simv switch to avoid re-execution or '-suppress=ASLR_DETECTED_INFO' to suppress this message.
Chronologic VCS simulator copyright 1991-2024
Contains Synopsys proprietary information.
Compiler version W-2024.09-SP1_Full64; Runtime version W-2024.09-SP1_Full64;  Apr  7 11:09 2026
UVM_INFO /tools/synopsys/vcs/W-2024.09-SP1/etc/uvm-1.2/base/uvm_root.svh(402) @ 0: reporter [UVM/RELNOTES] 
----------------------------------------------------------------
UVM-1.2.Synopsys
(C) 2007-2014 Mentor Graphics Corporation
(C) 2007-2014 Cadence Design Systems, Inc.
(C) 2006-2014 Synopsys, Inc.
(C) 2011-2013 Cypress Semiconductor Corp.
(C) 2013-2014 NVIDIA Corporation
----------------------------------------------------------------

  ***********       IMPORTANT RELEASE NOTES         ************

  You are using a version of the UVM library that has been compiled
  with `UVM_NO_DEPRECATED undefined.
  See http://www.eda.org/svdb/view.php?id=3313 for more details.

  You are using a version of the UVM library that has been compiled
  with `UVM_OBJECT_DO_NOT_NEED_CONSTRUCTOR undefined.
  See http://www.eda.org/svdb/view.php?id=3770 for more details.

      (Specify +UVM_NO_RELNOTES to turn off this notice)

UVM_INFO @ 0: reporter [RNTST] Running test hello_test...
UVM_INFO ./tb_adder.sv(16) @ 0: uvm_test_top [PHASE] [1] build_phase - loop_count = 0 초기화
UVM_INFO ./tb_adder.sv(21) @ 0: uvm_test_top [PHASE] [2] connect_phase - 컴포넌트를 서로 연결하는 단계
UVM_INFO ./tb_adder.sv(26) @ 0: uvm_test_top [PHASE] [3] run_phase - 시뮬레이션 실행 시작.
UVM_INFO ./tb_adder.sv(30) @ 0: uvm_test_top [LOOP] 테스트 반복 1/5 실행 중...
UVM_INFO ./tb_adder.sv(30) @ 10000: uvm_test_top [LOOP] 테스트 반복 2/5 실행 중...
UVM_INFO ./tb_adder.sv(30) @ 20000: uvm_test_top [LOOP] 테스트 반복 3/5 실행 중...
UVM_INFO ./tb_adder.sv(30) @ 30000: uvm_test_top [LOOP] 테스트 반복 4/5 실행 중...
UVM_INFO ./tb_adder.sv(30) @ 40000: uvm_test_top [LOOP] 테스트 반복 5/5 실행 중...
UVM_INFO ./tb_adder.sv(34) @ 50000: uvm_test_top [PHASE] [3] run_phase - 시뮬레이션 실행 완료!
UVM_INFO /tools/synopsys/vcs/W-2024.09-SP1/etc/uvm-1.2/base/uvm_objection.svh(1276) @ 150000: reporter [TEST_DONE] 'run' phase is ready to proceed to the 'extract' phase
UVM_INFO ./tb_adder.sv(41) @ 150000: uvm_test_top [PHASE] [4] report_phase - loop_count 5 동작
UVM_INFO /tools/synopsys/vcs/W-2024.09-SP1/etc/uvm-1.2/base/uvm_report_catcher.svh(705) @ 150000: reporter [UVM/REPORT/CATCHER] 
--- UVM Report catcher Summary ---


Number of demoted UVM_FATAL reports  :    0
Number of demoted UVM_ERROR reports  :    0
Number of demoted UVM_WARNING reports:    0
Number of caught UVM_FATAL reports   :    0
Number of caught UVM_ERROR reports   :    0
Number of caught UVM_WARNING reports :    0

UVM_INFO /tools/synopsys/vcs/W-2024.09-SP1/etc/uvm-1.2/base/uvm_report_server.svh(904) @ 150000: reporter [UVM/REPORT/SERVER] 
--- UVM Report Summary ---

** Report counts by severity
UVM_INFO :   14
UVM_WARNING :    0
UVM_ERROR :    0
UVM_FATAL :    0
** Report counts by id
[LOOP]     5
[PHASE]     5
[RNTST]     1
[TEST_DONE]     1
[UVM/RELNOTES]     1
[UVM/REPORT/CATCHER]     1

$finish called from file "/tools/synopsys/vcs/W-2024.09-SP1/etc/uvm-1.2/base/uvm_root.svh", line 527.
$finish at simulation time               150000
           V C S   S i m u l a t i o n   R e p o r t 
Time: 150000 ps
CPU Time:      0.180 seconds;       Data structure size:   0.5Mb
Tue Apr  7 11:09:34 2026
