Info: [VCS_SAVE_RESTORE_INFO] ASLR (Address Space Layout Randomization) is detected on the machine. To enable $save functionality, ASLR will be switched off and simv re-executed.
Please use '-no_save' simv switch to avoid re-execution or '-suppress=ASLR_DETECTED_INFO' to suppress this message.
Chronologic VCS simulator copyright 1991-2024
Contains Synopsys proprietary information.
Compiler version W-2024.09-SP1_Full64; Runtime version W-2024.09-SP1_Full64;  Apr  7 15:30 2026
UVM_INFO /tools/synopsys/vcs/W-2024.09-SP1/etc/uvm-1.2/base/uvm_root.svh(402) @ 0: reporter [UVM/RELNOTES] 
----------------------------------------------------------------
UVM-1.2.Synopsys
(C) 2007-2014 Mentor Graphics Corporation
(C) 2007-2014 Cadence Design Systems, Inc.
(C) 2006-2014 Synopsys, Inc.
(C) 2011-2013 Cypress Semiconductor Corp.
(C) 2013-2014 NVIDIA Corporation
----------------------------------------------------------------

  ***********       IMPORTANT RELEASE NOTES         ************

  You are using a version of the UVM library that has been compiled
  with `UVM_NO_DEPRECATED undefined.
  See http://www.eda.org/svdb/view.php?id=3313 for more details.

  You are using a version of the UVM library that has been compiled
  with `UVM_OBJECT_DO_NOT_NEED_CONSTRUCTOR undefined.
  See http://www.eda.org/svdb/view.php?id=3770 for more details.

      (Specify +UVM_NO_RELNOTES to turn off this notice)

UVM_INFO @ 0: reporter [RNTST] Running test counter_test...
UVM_INFO ./tb/tb_counter.sv(98) @ 0: uvm_test_top.env.agt.sqr@@seq [counter_master_seq] ===== Phase 1: Reset =====
UVM_INFO ./tb/tb_counter.sv(53) @ 0: uvm_test_top.env.agt.sqr@@reset_seq [counter_reset_seq] Reset Done!
UVM_INFO ./tb/tb_counter.sv(102) @ 0: uvm_test_top.env.agt.sqr@@seq [counter_master_seq] ===== Phase 2: Count =====
UVM_INFO ./tb/tb_counter.sv(183) @ 6000: uvm_test_top.env.agt.mon [counter_monitor] 일치! count=1
UVM_INFO ./tb/tb_counter.sv(183) @ 16000: uvm_test_top.env.agt.mon [counter_monitor] 일치! count=2
UVM_INFO ./tb/tb_counter.sv(183) @ 26000: uvm_test_top.env.agt.mon [counter_monitor] 일치! count=3
UVM_INFO ./tb/tb_counter.sv(183) @ 36000: uvm_test_top.env.agt.mon [counter_monitor] 일치! count=4
UVM_INFO ./tb/tb_counter.sv(107) @ 45000: uvm_test_top.env.agt.sqr@@seq [counter_master_seq] ===== Master Sequence DONE =====
UVM_INFO ./tb/tb_counter.sv(183) @ 46000: uvm_test_top.env.agt.mon [counter_monitor] 일치! count=5
UVM_INFO ./tb/tb_counter.sv(183) @ 56000: uvm_test_top.env.agt.mon [counter_monitor] 일치! count=6
UVM_INFO ./tb/tb_counter.sv(183) @ 66000: uvm_test_top.env.agt.mon [counter_monitor] 일치! count=7
UVM_INFO ./tb/tb_counter.sv(183) @ 76000: uvm_test_top.env.agt.mon [counter_monitor] 일치! count=8
UVM_INFO ./tb/tb_counter.sv(183) @ 86000: uvm_test_top.env.agt.mon [counter_monitor] 일치! count=9
UVM_INFO ./tb/tb_counter.sv(183) @ 96000: uvm_test_top.env.agt.mon [counter_monitor] 일치! count=10
UVM_INFO ./tb/tb_counter.sv(183) @ 106000: uvm_test_top.env.agt.mon [counter_monitor] 일치! count=11
UVM_INFO ./tb/tb_counter.sv(183) @ 116000: uvm_test_top.env.agt.mon [counter_monitor] 일치! count=12
UVM_INFO ./tb/tb_counter.sv(183) @ 126000: uvm_test_top.env.agt.mon [counter_monitor] 일치! count=13
UVM_INFO ./tb/tb_counter.sv(183) @ 136000: uvm_test_top.env.agt.mon [counter_monitor] 일치! count=14
UVM_INFO /tools/synopsys/vcs/W-2024.09-SP1/etc/uvm-1.2/base/uvm_objection.svh(1276) @ 145000: reporter [TEST_DONE] 'run' phase is ready to proceed to the 'extract' phase
UVM_INFO ./tb/tb_counter.sv(273) @ 145000: uvm_test_top [counter_test] ===== TEST PASS ! =====
UVM_INFO /tools/synopsys/vcs/W-2024.09-SP1/etc/uvm-1.2/base/uvm_report_catcher.svh(705) @ 145000: reporter [UVM/REPORT/CATCHER] 
--- UVM Report catcher Summary ---


Number of demoted UVM_FATAL reports  :    0
Number of demoted UVM_ERROR reports  :    0
Number of demoted UVM_WARNING reports:    0
Number of caught UVM_FATAL reports   :    0
Number of caught UVM_ERROR reports   :    0
Number of caught UVM_WARNING reports :    0

UVM_INFO /tools/synopsys/vcs/W-2024.09-SP1/etc/uvm-1.2/base/uvm_report_server.svh(904) @ 145000: reporter [UVM/REPORT/SERVER] 
--- UVM Report Summary ---

** Report counts by severity
UVM_INFO :   23
UVM_WARNING :    0
UVM_ERROR :    0
UVM_FATAL :    0
** Report counts by id
[RNTST]     1
[TEST_DONE]     1
[UVM/RELNOTES]     1
[UVM/REPORT/CATCHER]     1
[counter_master_seq]     3
[counter_monitor]    14
[counter_reset_seq]     1
[counter_test]     1

$finish called from file "/tools/synopsys/vcs/W-2024.09-SP1/etc/uvm-1.2/base/uvm_root.svh", line 527.
$finish at simulation time               145000
           V C S   S i m u l a t i o n   R e p o r t 
Time: 145000 ps
CPU Time:      0.190 seconds;       Data structure size:   0.6Mb
Tue Apr  7 15:30:13 2026
