Info: [VCS_SAVE_RESTORE_INFO] ASLR (Address Space Layout Randomization) is detected on the machine. To enable $save functionality, ASLR will be switched off and simv re-executed.
Please use '-no_save' simv switch to avoid re-execution or '-suppress=ASLR_DETECTED_INFO' to suppress this message.
Chronologic VCS simulator copyright 1991-2024
Contains Synopsys proprietary information.
Compiler version W-2024.09-SP1_Full64; Runtime version W-2024.09-SP1_Full64;  Apr 19 19:13 2026
UVM_INFO /tools/synopsys/vcs/W-2024.09-SP1/etc/uvm-1.2/base/uvm_root.svh(402) @ 0: reporter [UVM/RELNOTES] 
----------------------------------------------------------------
UVM-1.2.Synopsys
(C) 2007-2014 Mentor Graphics Corporation
(C) 2007-2014 Cadence Design Systems, Inc.
(C) 2006-2014 Synopsys, Inc.
(C) 2011-2013 Cypress Semiconductor Corp.
(C) 2013-2014 NVIDIA Corporation
----------------------------------------------------------------

  ***********       IMPORTANT RELEASE NOTES         ************

  You are using a version of the UVM library that has been compiled
  with `UVM_NO_DEPRECATED undefined.
  See http://www.eda.org/svdb/view.php?id=3313 for more details.

  You are using a version of the UVM library that has been compiled
  with `UVM_OBJECT_DO_NOT_NEED_CONSTRUCTOR undefined.
  See http://www.eda.org/svdb/view.php?id=3770 for more details.

      (Specify +UVM_NO_RELNOTES to turn off this notice)

UVM_INFO @ 0: reporter [RNTST] Running test spiM_test...
*Verdi* Loading libsscore_vcs202409.so
FSDB Dumper for VCS, Release Verdi_W-2024.09-SP2, Linux x86_64/64bit, 03/03/2025
(C) 1996 - 2025 by Synopsys, Inc.
*Verdi* : Create FSDB file 'novas.fsdb'
*Verdi* : Begin traversing the scope (tb_spi_master_uvm), layer (0).
*Verdi* : Enable +all dumping.
*Verdi* : End of traversing.
UVM_INFO ./tb/tb_spi_master_uvm.sv(138) @ 0: uvm_test_top.env.agt.drv [spiM_driver] Waiting for reset release...
UVM_INFO ./tb/tb_spi_master_uvm.sv(142) @ 65000: uvm_test_top.env.agt.drv [spiM_driver] Reset released. Start driving!
UVM_INFO ./tb/tb_spi_master_uvm.sv(130) @ 845000: uvm_test_top.env.agt.drv [DRV] Wait for DONE start
UVM_INFO ./tb/tb_spi_master_uvm.sv(132) @ 905000: uvm_test_top.env.agt.drv [DRV] Wait for DONE finish
UVM_INFO ./tb/tb_spi_master_uvm.sv(199) @ 905000: uvm_test_top.env.agt.mon [MON] Wait for SCLK start
UVM_INFO ./tb/tb_spi_master_uvm.sv(201) @ 915000: uvm_test_top.env.agt.mon [MON] Wait for SCLK finish
UVM_INFO ./tb/tb_spi_master_uvm.sv(67) @ 915000: uvm_test_top.env.agt.sqr@@seq [spiM_rand_seq] cpol=0 cpha=1 tx_data=39 miso_data=96
UVM_INFO ./tb/tb_spi_master_uvm.sv(272) @ 915000: uvm_test_top.env.scb [spiM_scoreboard] ==MOSI PASS== Input:39 BUS:39
UVM_INFO ./tb/tb_spi_master_uvm.sv(282) @ 915000: uvm_test_top.env.scb [spiM_scoreboard] Success! Data:xx matched
UVM_INFO ./tb/tb_spi_master_uvm.sv(130) @ 1685000: uvm_test_top.env.agt.drv [DRV] Wait for DONE start
UVM_INFO ./tb/tb_spi_master_uvm.sv(132) @ 1745000: uvm_test_top.env.agt.drv [DRV] Wait for DONE finish
UVM_INFO ./tb/tb_spi_master_uvm.sv(199) @ 1745000: uvm_test_top.env.agt.mon [MON] Wait for SCLK start
UVM_INFO ./tb/tb_spi_master_uvm.sv(201) @ 1755000: uvm_test_top.env.agt.mon [MON] Wait for SCLK finish
UVM_INFO ./tb/tb_spi_master_uvm.sv(67) @ 1755000: uvm_test_top.env.agt.sqr@@seq [spiM_rand_seq] cpol=0 cpha=1 tx_data=f0 miso_data=22
UVM_INFO ./tb/tb_spi_master_uvm.sv(272) @ 1755000: uvm_test_top.env.scb [spiM_scoreboard] ==MOSI PASS== Input:f0 BUS:f0
UVM_INFO ./tb/tb_spi_master_uvm.sv(282) @ 1755000: uvm_test_top.env.scb [spiM_scoreboard] Success! Data:xx matched
UVM_INFO ./tb/tb_spi_master_uvm.sv(130) @ 2525000: uvm_test_top.env.agt.drv [DRV] Wait for DONE start
UVM_INFO ./tb/tb_spi_master_uvm.sv(132) @ 2585000: uvm_test_top.env.agt.drv [DRV] Wait for DONE finish
UVM_INFO ./tb/tb_spi_master_uvm.sv(199) @ 2585000: uvm_test_top.env.agt.mon [MON] Wait for SCLK start
UVM_INFO ./tb/tb_spi_master_uvm.sv(201) @ 2595000: uvm_test_top.env.agt.mon [MON] Wait for SCLK finish
UVM_INFO ./tb/tb_spi_master_uvm.sv(67) @ 2595000: uvm_test_top.env.agt.sqr@@seq [spiM_rand_seq] cpol=1 cpha=1 tx_data=7e miso_data=4a
UVM_INFO ./tb/tb_spi_master_uvm.sv(272) @ 2595000: uvm_test_top.env.scb [spiM_scoreboard] ==MOSI PASS== Input:7e BUS:7e
UVM_INFO ./tb/tb_spi_master_uvm.sv(282) @ 2595000: uvm_test_top.env.scb [spiM_scoreboard] Success! Data:xx matched
UVM_INFO ./tb/tb_spi_master_uvm.sv(130) @ 3315000: uvm_test_top.env.agt.drv [DRV] Wait for DONE start
UVM_INFO ./tb/tb_spi_master_uvm.sv(132) @ 3425000: uvm_test_top.env.agt.drv [DRV] Wait for DONE finish
UVM_INFO ./tb/tb_spi_master_uvm.sv(199) @ 3425000: uvm_test_top.env.agt.mon [MON] Wait for SCLK start
UVM_INFO ./tb/tb_spi_master_uvm.sv(201) @ 3435000: uvm_test_top.env.agt.mon [MON] Wait for SCLK finish
UVM_INFO ./tb/tb_spi_master_uvm.sv(67) @ 3435000: uvm_test_top.env.agt.sqr@@seq [spiM_rand_seq] cpol=1 cpha=0 tx_data=c6 miso_data=29
UVM_INFO ./tb/tb_spi_master_uvm.sv(272) @ 3435000: uvm_test_top.env.scb [spiM_scoreboard] ==MOSI PASS== Input:c6 BUS:c6
UVM_INFO ./tb/tb_spi_master_uvm.sv(282) @ 3435000: uvm_test_top.env.scb [spiM_scoreboard] Success! Data:xx matched
UVM_INFO ./tb/tb_spi_master_uvm.sv(130) @ 4155000: uvm_test_top.env.agt.drv [DRV] Wait for DONE start
UVM_INFO ./tb/tb_spi_master_uvm.sv(132) @ 4265000: uvm_test_top.env.agt.drv [DRV] Wait for DONE finish
UVM_INFO ./tb/tb_spi_master_uvm.sv(199) @ 4265000: uvm_test_top.env.agt.mon [MON] Wait for SCLK start
UVM_INFO ./tb/tb_spi_master_uvm.sv(201) @ 4275000: uvm_test_top.env.agt.mon [MON] Wait for SCLK finish
UVM_INFO ./tb/tb_spi_master_uvm.sv(67) @ 4275000: uvm_test_top.env.agt.sqr@@seq [spiM_rand_seq] cpol=1 cpha=0 tx_data=4a miso_data=da
UVM_INFO ./tb/tb_spi_master_uvm.sv(272) @ 4275000: uvm_test_top.env.scb [spiM_scoreboard] ==MOSI PASS== Input:4a BUS:4a
UVM_INFO ./tb/tb_spi_master_uvm.sv(282) @ 4275000: uvm_test_top.env.scb [spiM_scoreboard] Success! Data:xx matched
UVM_INFO ./tb/tb_spi_master_uvm.sv(130) @ 5045000: uvm_test_top.env.agt.drv [DRV] Wait for DONE start
UVM_INFO ./tb/tb_spi_master_uvm.sv(132) @ 5105000: uvm_test_top.env.agt.drv [DRV] Wait for DONE finish
UVM_INFO ./tb/tb_spi_master_uvm.sv(199) @ 5105000: uvm_test_top.env.agt.mon [MON] Wait for SCLK start
UVM_INFO ./tb/tb_spi_master_uvm.sv(201) @ 5115000: uvm_test_top.env.agt.mon [MON] Wait for SCLK finish
UVM_INFO ./tb/tb_spi_master_uvm.sv(67) @ 5115000: uvm_test_top.env.agt.sqr@@seq [spiM_rand_seq] cpol=0 cpha=1 tx_data=cd miso_data=3f
UVM_INFO ./tb/tb_spi_master_uvm.sv(272) @ 5115000: uvm_test_top.env.scb [spiM_scoreboard] ==MOSI PASS== Input:cd BUS:cd
UVM_INFO ./tb/tb_spi_master_uvm.sv(282) @ 5115000: uvm_test_top.env.scb [spiM_scoreboard] Success! Data:xx matched
UVM_INFO ./tb/tb_spi_master_uvm.sv(130) @ 5885000: uvm_test_top.env.agt.drv [DRV] Wait for DONE start
UVM_INFO ./tb/tb_spi_master_uvm.sv(132) @ 5945000: uvm_test_top.env.agt.drv [DRV] Wait for DONE finish
UVM_INFO ./tb/tb_spi_master_uvm.sv(199) @ 5945000: uvm_test_top.env.agt.mon [MON] Wait for SCLK start
UVM_INFO ./tb/tb_spi_master_uvm.sv(201) @ 5955000: uvm_test_top.env.agt.mon [MON] Wait for SCLK finish
UVM_INFO ./tb/tb_spi_master_uvm.sv(67) @ 5955000: uvm_test_top.env.agt.sqr@@seq [spiM_rand_seq] cpol=1 cpha=1 tx_data=a9 miso_data=bb
UVM_INFO ./tb/tb_spi_master_uvm.sv(272) @ 5955000: uvm_test_top.env.scb [spiM_scoreboard] ==MOSI PASS== Input:a9 BUS:a9
UVM_INFO ./tb/tb_spi_master_uvm.sv(282) @ 5955000: uvm_test_top.env.scb [spiM_scoreboard] Success! Data:xx matched
UVM_INFO ./tb/tb_spi_master_uvm.sv(130) @ 6675000: uvm_test_top.env.agt.drv [DRV] Wait for DONE start
UVM_INFO ./tb/tb_spi_master_uvm.sv(132) @ 6785000: uvm_test_top.env.agt.drv [DRV] Wait for DONE finish
UVM_INFO ./tb/tb_spi_master_uvm.sv(199) @ 6785000: uvm_test_top.env.agt.mon [MON] Wait for SCLK start
UVM_INFO ./tb/tb_spi_master_uvm.sv(201) @ 6795000: uvm_test_top.env.agt.mon [MON] Wait for SCLK finish
UVM_INFO ./tb/tb_spi_master_uvm.sv(67) @ 6795000: uvm_test_top.env.agt.sqr@@seq [spiM_rand_seq] cpol=0 cpha=0 tx_data=c8 miso_data=32
UVM_INFO ./tb/tb_spi_master_uvm.sv(272) @ 6795000: uvm_test_top.env.scb [spiM_scoreboard] ==MOSI PASS== Input:c8 BUS:c8
UVM_INFO ./tb/tb_spi_master_uvm.sv(282) @ 6795000: uvm_test_top.env.scb [spiM_scoreboard] Success! Data:xx matched
UVM_INFO ./tb/tb_spi_master_uvm.sv(130) @ 7565000: uvm_test_top.env.agt.drv [DRV] Wait for DONE start
UVM_INFO ./tb/tb_spi_master_uvm.sv(132) @ 7625000: uvm_test_top.env.agt.drv [DRV] Wait for DONE finish
UVM_INFO ./tb/tb_spi_master_uvm.sv(199) @ 7625000: uvm_test_top.env.agt.mon [MON] Wait for SCLK start
UVM_INFO ./tb/tb_spi_master_uvm.sv(201) @ 7635000: uvm_test_top.env.agt.mon [MON] Wait for SCLK finish
UVM_INFO ./tb/tb_spi_master_uvm.sv(67) @ 7635000: uvm_test_top.env.agt.sqr@@seq [spiM_rand_seq] cpol=1 cpha=1 tx_data=7e miso_data=4c
UVM_INFO ./tb/tb_spi_master_uvm.sv(272) @ 7635000: uvm_test_top.env.scb [spiM_scoreboard] ==MOSI PASS== Input:7e BUS:7e
UVM_INFO ./tb/tb_spi_master_uvm.sv(282) @ 7635000: uvm_test_top.env.scb [spiM_scoreboard] Success! Data:xx matched
UVM_INFO ./tb/tb_spi_master_uvm.sv(130) @ 8355000: uvm_test_top.env.agt.drv [DRV] Wait for DONE start
UVM_INFO ./tb/tb_spi_master_uvm.sv(132) @ 8465000: uvm_test_top.env.agt.drv [DRV] Wait for DONE finish
UVM_INFO ./tb/tb_spi_master_uvm.sv(199) @ 8465000: uvm_test_top.env.agt.mon [MON] Wait for SCLK start
UVM_INFO ./tb/tb_spi_master_uvm.sv(201) @ 8475000: uvm_test_top.env.agt.mon [MON] Wait for SCLK finish
UVM_INFO ./tb/tb_spi_master_uvm.sv(67) @ 8475000: uvm_test_top.env.agt.sqr@@seq [spiM_rand_seq] cpol=1 cpha=0 tx_data=b0 miso_data=81
UVM_INFO ./tb/tb_spi_master_uvm.sv(272) @ 8475000: uvm_test_top.env.scb [spiM_scoreboard] ==MOSI PASS== Input:b0 BUS:b0
UVM_INFO ./tb/tb_spi_master_uvm.sv(282) @ 8475000: uvm_test_top.env.scb [spiM_scoreboard] Success! Data:xx matched
UVM_INFO ./tb/tb_spi_master_uvm.sv(130) @ 9245000: uvm_test_top.env.agt.drv [DRV] Wait for DONE start
UVM_INFO ./tb/tb_spi_master_uvm.sv(132) @ 9305000: uvm_test_top.env.agt.drv [DRV] Wait for DONE finish
UVM_INFO ./tb/tb_spi_master_uvm.sv(199) @ 9305000: uvm_test_top.env.agt.mon [MON] Wait for SCLK start
UVM_INFO ./tb/tb_spi_master_uvm.sv(201) @ 9315000: uvm_test_top.env.agt.mon [MON] Wait for SCLK finish
UVM_INFO ./tb/tb_spi_master_uvm.sv(67) @ 9315000: uvm_test_top.env.agt.sqr@@seq [spiM_rand_seq] cpol=0 cpha=1 tx_data=8a miso_data=69
UVM_INFO ./tb/tb_spi_master_uvm.sv(272) @ 9315000: uvm_test_top.env.scb [spiM_scoreboard] ==MOSI PASS== Input:8a BUS:8a
UVM_INFO ./tb/tb_spi_master_uvm.sv(282) @ 9315000: uvm_test_top.env.scb [spiM_scoreboard] Success! Data:xx matched
UVM_INFO ./tb/tb_spi_master_uvm.sv(130) @ 10085000: uvm_test_top.env.agt.drv [DRV] Wait for DONE start
UVM_INFO ./tb/tb_spi_master_uvm.sv(132) @ 10145000: uvm_test_top.env.agt.drv [DRV] Wait for DONE finish
UVM_INFO ./tb/tb_spi_master_uvm.sv(199) @ 10145000: uvm_test_top.env.agt.mon [MON] Wait for SCLK start
UVM_INFO ./tb/tb_spi_master_uvm.sv(201) @ 10155000: uvm_test_top.env.agt.mon [MON] Wait for SCLK finish
UVM_INFO ./tb/tb_spi_master_uvm.sv(67) @ 10155000: uvm_test_top.env.agt.sqr@@seq [spiM_rand_seq] cpol=0 cpha=1 tx_data=af miso_data=d6
UVM_INFO ./tb/tb_spi_master_uvm.sv(272) @ 10155000: uvm_test_top.env.scb [spiM_scoreboard] ==MOSI PASS== Input:af BUS:af
UVM_INFO ./tb/tb_spi_master_uvm.sv(282) @ 10155000: uvm_test_top.env.scb [spiM_scoreboard] Success! Data:xx matched
UVM_INFO ./tb/tb_spi_master_uvm.sv(130) @ 10925000: uvm_test_top.env.agt.drv [DRV] Wait for DONE start
UVM_INFO ./tb/tb_spi_master_uvm.sv(132) @ 10985000: uvm_test_top.env.agt.drv [DRV] Wait for DONE finish
UVM_INFO ./tb/tb_spi_master_uvm.sv(199) @ 10985000: uvm_test_top.env.agt.mon [MON] Wait for SCLK start
UVM_INFO ./tb/tb_spi_master_uvm.sv(201) @ 10995000: uvm_test_top.env.agt.mon [MON] Wait for SCLK finish
UVM_INFO ./tb/tb_spi_master_uvm.sv(67) @ 10995000: uvm_test_top.env.agt.sqr@@seq [spiM_rand_seq] cpol=1 cpha=1 tx_data=e3 miso_data=2d
UVM_INFO ./tb/tb_spi_master_uvm.sv(272) @ 10995000: uvm_test_top.env.scb [spiM_scoreboard] ==MOSI PASS== Input:e3 BUS:e3
UVM_INFO ./tb/tb_spi_master_uvm.sv(282) @ 10995000: uvm_test_top.env.scb [spiM_scoreboard] Success! Data:xx matched
UVM_INFO ./tb/tb_spi_master_uvm.sv(130) @ 11715000: uvm_test_top.env.agt.drv [DRV] Wait for DONE start
UVM_INFO ./tb/tb_spi_master_uvm.sv(132) @ 11825000: uvm_test_top.env.agt.drv [DRV] Wait for DONE finish
UVM_INFO ./tb/tb_spi_master_uvm.sv(199) @ 11825000: uvm_test_top.env.agt.mon [MON] Wait for SCLK start
UVM_INFO ./tb/tb_spi_master_uvm.sv(201) @ 11835000: uvm_test_top.env.agt.mon [MON] Wait for SCLK finish
UVM_INFO ./tb/tb_spi_master_uvm.sv(67) @ 11835000: uvm_test_top.env.agt.sqr@@seq [spiM_rand_seq] cpol=0 cpha=0 tx_data=94 miso_data=bd
UVM_INFO ./tb/tb_spi_master_uvm.sv(272) @ 11835000: uvm_test_top.env.scb [spiM_scoreboard] ==MOSI PASS== Input:94 BUS:94
UVM_INFO ./tb/tb_spi_master_uvm.sv(282) @ 11835000: uvm_test_top.env.scb [spiM_scoreboard] Success! Data:xx matched
UVM_INFO ./tb/tb_spi_master_uvm.sv(130) @ 12555000: uvm_test_top.env.agt.drv [DRV] Wait for DONE start
UVM_INFO ./tb/tb_spi_master_uvm.sv(132) @ 12665000: uvm_test_top.env.agt.drv [DRV] Wait for DONE finish
UVM_INFO ./tb/tb_spi_master_uvm.sv(199) @ 12665000: uvm_test_top.env.agt.mon [MON] Wait for SCLK start
UVM_INFO ./tb/tb_spi_master_uvm.sv(201) @ 12675000: uvm_test_top.env.agt.mon [MON] Wait for SCLK finish
UVM_INFO ./tb/tb_spi_master_uvm.sv(67) @ 12675000: uvm_test_top.env.agt.sqr@@seq [spiM_rand_seq] cpol=0 cpha=0 tx_data=e0 miso_data=a1
UVM_INFO ./tb/tb_spi_master_uvm.sv(272) @ 12675000: uvm_test_top.env.scb [spiM_scoreboard] ==MOSI PASS== Input:e0 BUS:e0
UVM_INFO ./tb/tb_spi_master_uvm.sv(282) @ 12675000: uvm_test_top.env.scb [spiM_scoreboard] Success! Data:xx matched
UVM_INFO ./tb/tb_spi_master_uvm.sv(130) @ 13445000: uvm_test_top.env.agt.drv [DRV] Wait for DONE start
UVM_INFO ./tb/tb_spi_master_uvm.sv(132) @ 13505000: uvm_test_top.env.agt.drv [DRV] Wait for DONE finish
UVM_INFO ./tb/tb_spi_master_uvm.sv(199) @ 13505000: uvm_test_top.env.agt.mon [MON] Wait for SCLK start
UVM_INFO ./tb/tb_spi_master_uvm.sv(201) @ 13515000: uvm_test_top.env.agt.mon [MON] Wait for SCLK finish
UVM_INFO ./tb/tb_spi_master_uvm.sv(67) @ 13515000: uvm_test_top.env.agt.sqr@@seq [spiM_rand_seq] cpol=1 cpha=1 tx_data=90 miso_data=72
UVM_INFO ./tb/tb_spi_master_uvm.sv(272) @ 13515000: uvm_test_top.env.scb [spiM_scoreboard] ==MOSI PASS== Input:90 BUS:90
UVM_INFO ./tb/tb_spi_master_uvm.sv(282) @ 13515000: uvm_test_top.env.scb [spiM_scoreboard] Success! Data:xx matched
UVM_INFO ./tb/tb_spi_master_uvm.sv(130) @ 14235000: uvm_test_top.env.agt.drv [DRV] Wait for DONE start
UVM_INFO ./tb/tb_spi_master_uvm.sv(132) @ 14345000: uvm_test_top.env.agt.drv [DRV] Wait for DONE finish
UVM_INFO ./tb/tb_spi_master_uvm.sv(199) @ 14345000: uvm_test_top.env.agt.mon [MON] Wait for SCLK start
UVM_INFO ./tb/tb_spi_master_uvm.sv(201) @ 14355000: uvm_test_top.env.agt.mon [MON] Wait for SCLK finish
UVM_INFO ./tb/tb_spi_master_uvm.sv(67) @ 14355000: uvm_test_top.env.agt.sqr@@seq [spiM_rand_seq] cpol=0 cpha=0 tx_data=48 miso_data=7f
UVM_INFO ./tb/tb_spi_master_uvm.sv(272) @ 14355000: uvm_test_top.env.scb [spiM_scoreboard] ==MOSI PASS== Input:48 BUS:48
UVM_INFO ./tb/tb_spi_master_uvm.sv(282) @ 14355000: uvm_test_top.env.scb [spiM_scoreboard] Success! Data:xx matched
UVM_INFO ./tb/tb_spi_master_uvm.sv(130) @ 15075000: uvm_test_top.env.agt.drv [DRV] Wait for DONE start
UVM_INFO ./tb/tb_spi_master_uvm.sv(132) @ 15185000: uvm_test_top.env.agt.drv [DRV] Wait for DONE finish
UVM_INFO ./tb/tb_spi_master_uvm.sv(199) @ 15185000: uvm_test_top.env.agt.mon [MON] Wait for SCLK start
UVM_INFO ./tb/tb_spi_master_uvm.sv(201) @ 15195000: uvm_test_top.env.agt.mon [MON] Wait for SCLK finish
UVM_INFO ./tb/tb_spi_master_uvm.sv(67) @ 15195000: uvm_test_top.env.agt.sqr@@seq [spiM_rand_seq] cpol=1 cpha=0 tx_data=20 miso_data=ec
UVM_INFO ./tb/tb_spi_master_uvm.sv(272) @ 15195000: uvm_test_top.env.scb [spiM_scoreboard] ==MOSI PASS== Input:20 BUS:20
UVM_INFO ./tb/tb_spi_master_uvm.sv(282) @ 15195000: uvm_test_top.env.scb [spiM_scoreboard] Success! Data:xx matched
UVM_INFO ./tb/tb_spi_master_uvm.sv(130) @ 15915000: uvm_test_top.env.agt.drv [DRV] Wait for DONE start
UVM_INFO ./tb/tb_spi_master_uvm.sv(132) @ 16025000: uvm_test_top.env.agt.drv [DRV] Wait for DONE finish
UVM_INFO ./tb/tb_spi_master_uvm.sv(199) @ 16025000: uvm_test_top.env.agt.mon [MON] Wait for SCLK start
UVM_INFO ./tb/tb_spi_master_uvm.sv(201) @ 16035000: uvm_test_top.env.agt.mon [MON] Wait for SCLK finish
UVM_INFO ./tb/tb_spi_master_uvm.sv(67) @ 16035000: uvm_test_top.env.agt.sqr@@seq [spiM_rand_seq] cpol=1 cpha=0 tx_data=6b miso_data=9a
UVM_INFO ./tb/tb_spi_master_uvm.sv(272) @ 16035000: uvm_test_top.env.scb [spiM_scoreboard] ==MOSI PASS== Input:6b BUS:6b
UVM_INFO ./tb/tb_spi_master_uvm.sv(282) @ 16035000: uvm_test_top.env.scb [spiM_scoreboard] Success! Data:xx matched
UVM_INFO ./tb/tb_spi_master_uvm.sv(130) @ 16805000: uvm_test_top.env.agt.drv [DRV] Wait for DONE start
UVM_INFO ./tb/tb_spi_master_uvm.sv(132) @ 16865000: uvm_test_top.env.agt.drv [DRV] Wait for DONE finish
UVM_INFO ./tb/tb_spi_master_uvm.sv(199) @ 16865000: uvm_test_top.env.agt.mon [MON] Wait for SCLK start
UVM_INFO ./tb/tb_spi_master_uvm.sv(201) @ 16875000: uvm_test_top.env.agt.mon [MON] Wait for SCLK finish
UVM_INFO ./tb/tb_spi_master_uvm.sv(67) @ 16875000: uvm_test_top.env.agt.sqr@@seq [spiM_rand_seq] cpol=0 cpha=1 tx_data=66 miso_data=55
UVM_INFO ./tb/tb_spi_master_uvm.sv(272) @ 16875000: uvm_test_top.env.scb [spiM_scoreboard] ==MOSI PASS== Input:66 BUS:66
UVM_INFO ./tb/tb_spi_master_uvm.sv(282) @ 16875000: uvm_test_top.env.scb [spiM_scoreboard] Success! Data:xx matched
UVM_INFO ./tb/tb_spi_master_uvm.sv(130) @ 17645000: uvm_test_top.env.agt.drv [DRV] Wait for DONE start
UVM_INFO ./tb/tb_spi_master_uvm.sv(132) @ 17705000: uvm_test_top.env.agt.drv [DRV] Wait for DONE finish
UVM_INFO ./tb/tb_spi_master_uvm.sv(199) @ 17705000: uvm_test_top.env.agt.mon [MON] Wait for SCLK start
UVM_INFO ./tb/tb_spi_master_uvm.sv(201) @ 17715000: uvm_test_top.env.agt.mon [MON] Wait for SCLK finish
UVM_INFO ./tb/tb_spi_master_uvm.sv(67) @ 17715000: uvm_test_top.env.agt.sqr@@seq [spiM_rand_seq] cpol=0 cpha=1 tx_data=31 miso_data=d6
UVM_INFO ./tb/tb_spi_master_uvm.sv(272) @ 17715000: uvm_test_top.env.scb [spiM_scoreboard] ==MOSI PASS== Input:31 BUS:31
UVM_INFO ./tb/tb_spi_master_uvm.sv(282) @ 17715000: uvm_test_top.env.scb [spiM_scoreboard] Success! Data:xx matched
UVM_INFO ./tb/tb_spi_master_uvm.sv(130) @ 18435000: uvm_test_top.env.agt.drv [DRV] Wait for DONE start
UVM_INFO ./tb/tb_spi_master_uvm.sv(132) @ 18545000: uvm_test_top.env.agt.drv [DRV] Wait for DONE finish
UVM_INFO ./tb/tb_spi_master_uvm.sv(199) @ 18545000: uvm_test_top.env.agt.mon [MON] Wait for SCLK start
UVM_INFO ./tb/tb_spi_master_uvm.sv(201) @ 18555000: uvm_test_top.env.agt.mon [MON] Wait for SCLK finish
UVM_INFO ./tb/tb_spi_master_uvm.sv(67) @ 18555000: uvm_test_top.env.agt.sqr@@seq [spiM_rand_seq] cpol=1 cpha=0 tx_data=78 miso_data=d0
UVM_INFO ./tb/tb_spi_master_uvm.sv(272) @ 18555000: uvm_test_top.env.scb [spiM_scoreboard] ==MOSI PASS== Input:78 BUS:78
UVM_INFO ./tb/tb_spi_master_uvm.sv(282) @ 18555000: uvm_test_top.env.scb [spiM_scoreboard] Success! Data:xx matched
UVM_INFO ./tb/tb_spi_master_uvm.sv(130) @ 19325000: uvm_test_top.env.agt.drv [DRV] Wait for DONE start
UVM_INFO ./tb/tb_spi_master_uvm.sv(132) @ 19385000: uvm_test_top.env.agt.drv [DRV] Wait for DONE finish
UVM_INFO ./tb/tb_spi_master_uvm.sv(199) @ 19385000: uvm_test_top.env.agt.mon [MON] Wait for SCLK start
UVM_INFO ./tb/tb_spi_master_uvm.sv(201) @ 19395000: uvm_test_top.env.agt.mon [MON] Wait for SCLK finish
UVM_INFO ./tb/tb_spi_master_uvm.sv(67) @ 19395000: uvm_test_top.env.agt.sqr@@seq [spiM_rand_seq] cpol=0 cpha=1 tx_data=87 miso_data=ad
UVM_INFO ./tb/tb_spi_master_uvm.sv(272) @ 19395000: uvm_test_top.env.scb [spiM_scoreboard] ==MOSI PASS== Input:87 BUS:87
UVM_INFO ./tb/tb_spi_master_uvm.sv(282) @ 19395000: uvm_test_top.env.scb [spiM_scoreboard] Success! Data:xx matched
UVM_INFO ./tb/tb_spi_master_uvm.sv(130) @ 20115000: uvm_test_top.env.agt.drv [DRV] Wait for DONE start
UVM_INFO ./tb/tb_spi_master_uvm.sv(132) @ 20225000: uvm_test_top.env.agt.drv [DRV] Wait for DONE finish
UVM_INFO ./tb/tb_spi_master_uvm.sv(199) @ 20225000: uvm_test_top.env.agt.mon [MON] Wait for SCLK start
UVM_INFO ./tb/tb_spi_master_uvm.sv(201) @ 20235000: uvm_test_top.env.agt.mon [MON] Wait for SCLK finish
UVM_INFO ./tb/tb_spi_master_uvm.sv(67) @ 20235000: uvm_test_top.env.agt.sqr@@seq [spiM_rand_seq] cpol=0 cpha=0 tx_data=77 miso_data=c7
UVM_INFO ./tb/tb_spi_master_uvm.sv(272) @ 20235000: uvm_test_top.env.scb [spiM_scoreboard] ==MOSI PASS== Input:77 BUS:77
UVM_INFO ./tb/tb_spi_master_uvm.sv(282) @ 20235000: uvm_test_top.env.scb [spiM_scoreboard] Success! Data:xx matched
UVM_INFO ./tb/tb_spi_master_uvm.sv(130) @ 20955000: uvm_test_top.env.agt.drv [DRV] Wait for DONE start
UVM_INFO ./tb/tb_spi_master_uvm.sv(132) @ 21065000: uvm_test_top.env.agt.drv [DRV] Wait for DONE finish
UVM_INFO ./tb/tb_spi_master_uvm.sv(199) @ 21065000: uvm_test_top.env.agt.mon [MON] Wait for SCLK start
UVM_INFO ./tb/tb_spi_master_uvm.sv(201) @ 21075000: uvm_test_top.env.agt.mon [MON] Wait for SCLK finish
UVM_INFO ./tb/tb_spi_master_uvm.sv(67) @ 21075000: uvm_test_top.env.agt.sqr@@seq [spiM_rand_seq] cpol=1 cpha=0 tx_data=6c miso_data=e8
UVM_INFO ./tb/tb_spi_master_uvm.sv(272) @ 21075000: uvm_test_top.env.scb [spiM_scoreboard] ==MOSI PASS== Input:6c BUS:6c
UVM_INFO ./tb/tb_spi_master_uvm.sv(282) @ 21075000: uvm_test_top.env.scb [spiM_scoreboard] Success! Data:xx matched
UVM_INFO ./tb/tb_spi_master_uvm.sv(130) @ 21845000: uvm_test_top.env.agt.drv [DRV] Wait for DONE start
UVM_INFO ./tb/tb_spi_master_uvm.sv(132) @ 21905000: uvm_test_top.env.agt.drv [DRV] Wait for DONE finish
UVM_INFO ./tb/tb_spi_master_uvm.sv(199) @ 21905000: uvm_test_top.env.agt.mon [MON] Wait for SCLK start
UVM_INFO ./tb/tb_spi_master_uvm.sv(201) @ 21915000: uvm_test_top.env.agt.mon [MON] Wait for SCLK finish
UVM_INFO ./tb/tb_spi_master_uvm.sv(67) @ 21915000: uvm_test_top.env.agt.sqr@@seq [spiM_rand_seq] cpol=1 cpha=1 tx_data=60 miso_data=35
UVM_INFO ./tb/tb_spi_master_uvm.sv(272) @ 21915000: uvm_test_top.env.scb [spiM_scoreboard] ==MOSI PASS== Input:60 BUS:60
UVM_INFO ./tb/tb_spi_master_uvm.sv(282) @ 21915000: uvm_test_top.env.scb [spiM_scoreboard] Success! Data:xx matched
UVM_INFO ./tb/tb_spi_master_uvm.sv(130) @ 22685000: uvm_test_top.env.agt.drv [DRV] Wait for DONE start
UVM_INFO ./tb/tb_spi_master_uvm.sv(132) @ 22745000: uvm_test_top.env.agt.drv [DRV] Wait for DONE finish
UVM_INFO ./tb/tb_spi_master_uvm.sv(199) @ 22745000: uvm_test_top.env.agt.mon [MON] Wait for SCLK start
UVM_INFO ./tb/tb_spi_master_uvm.sv(201) @ 22755000: uvm_test_top.env.agt.mon [MON] Wait for SCLK finish
UVM_INFO ./tb/tb_spi_master_uvm.sv(67) @ 22755000: uvm_test_top.env.agt.sqr@@seq [spiM_rand_seq] cpol=1 cpha=1 tx_data=dc miso_data=a5
UVM_INFO ./tb/tb_spi_master_uvm.sv(272) @ 22755000: uvm_test_top.env.scb [spiM_scoreboard] ==MOSI PASS== Input:dc BUS:dc
UVM_INFO ./tb/tb_spi_master_uvm.sv(282) @ 22755000: uvm_test_top.env.scb [spiM_scoreboard] Success! Data:xx matched
UVM_INFO ./tb/tb_spi_master_uvm.sv(130) @ 23475000: uvm_test_top.env.agt.drv [DRV] Wait for DONE start
UVM_INFO ./tb/tb_spi_master_uvm.sv(132) @ 23585000: uvm_test_top.env.agt.drv [DRV] Wait for DONE finish
UVM_INFO ./tb/tb_spi_master_uvm.sv(199) @ 23585000: uvm_test_top.env.agt.mon [MON] Wait for SCLK start
UVM_INFO ./tb/tb_spi_master_uvm.sv(201) @ 23595000: uvm_test_top.env.agt.mon [MON] Wait for SCLK finish
UVM_INFO ./tb/tb_spi_master_uvm.sv(67) @ 23595000: uvm_test_top.env.agt.sqr@@seq [spiM_rand_seq] cpol=1 cpha=0 tx_data=e8 miso_data=fa
UVM_INFO ./tb/tb_spi_master_uvm.sv(272) @ 23595000: uvm_test_top.env.scb [spiM_scoreboard] ==MOSI PASS== Input:e8 BUS:e8
UVM_INFO ./tb/tb_spi_master_uvm.sv(282) @ 23595000: uvm_test_top.env.scb [spiM_scoreboard] Success! Data:xx matched
UVM_INFO ./tb/tb_spi_master_uvm.sv(130) @ 24365000: uvm_test_top.env.agt.drv [DRV] Wait for DONE start
UVM_INFO ./tb/tb_spi_master_uvm.sv(132) @ 24425000: uvm_test_top.env.agt.drv [DRV] Wait for DONE finish
UVM_INFO ./tb/tb_spi_master_uvm.sv(199) @ 24425000: uvm_test_top.env.agt.mon [MON] Wait for SCLK start
UVM_INFO ./tb/tb_spi_master_uvm.sv(201) @ 24435000: uvm_test_top.env.agt.mon [MON] Wait for SCLK finish
UVM_INFO ./tb/tb_spi_master_uvm.sv(67) @ 24435000: uvm_test_top.env.agt.sqr@@seq [spiM_rand_seq] cpol=0 cpha=1 tx_data=5c miso_data=62
UVM_INFO ./tb/tb_spi_master_uvm.sv(272) @ 24435000: uvm_test_top.env.scb [spiM_scoreboard] ==MOSI PASS== Input:5c BUS:5c
UVM_INFO ./tb/tb_spi_master_uvm.sv(282) @ 24435000: uvm_test_top.env.scb [spiM_scoreboard] Success! Data:xx matched
UVM_INFO ./tb/tb_spi_master_uvm.sv(130) @ 25205000: uvm_test_top.env.agt.drv [DRV] Wait for DONE start
UVM_INFO ./tb/tb_spi_master_uvm.sv(132) @ 25265000: uvm_test_top.env.agt.drv [DRV] Wait for DONE finish
UVM_INFO ./tb/tb_spi_master_uvm.sv(199) @ 25265000: uvm_test_top.env.agt.mon [MON] Wait for SCLK start
UVM_INFO ./tb/tb_spi_master_uvm.sv(201) @ 25275000: uvm_test_top.env.agt.mon [MON] Wait for SCLK finish
UVM_INFO ./tb/tb_spi_master_uvm.sv(67) @ 25275000: uvm_test_top.env.agt.sqr@@seq [spiM_rand_seq] cpol=1 cpha=1 tx_data=d3 miso_data=ea
UVM_INFO ./tb/tb_spi_master_uvm.sv(272) @ 25275000: uvm_test_top.env.scb [spiM_scoreboard] ==MOSI PASS== Input:d3 BUS:d3
UVM_INFO ./tb/tb_spi_master_uvm.sv(282) @ 25275000: uvm_test_top.env.scb [spiM_scoreboard] Success! Data:xx matched
UVM_INFO ./tb/tb_spi_master_uvm.sv(130) @ 26045000: uvm_test_top.env.agt.drv [DRV] Wait for DONE start
UVM_INFO ./tb/tb_spi_master_uvm.sv(132) @ 26105000: uvm_test_top.env.agt.drv [DRV] Wait for DONE finish
UVM_INFO ./tb/tb_spi_master_uvm.sv(199) @ 26105000: uvm_test_top.env.agt.mon [MON] Wait for SCLK start
UVM_INFO ./tb/tb_spi_master_uvm.sv(201) @ 26115000: uvm_test_top.env.agt.mon [MON] Wait for SCLK finish
UVM_INFO ./tb/tb_spi_master_uvm.sv(67) @ 26115000: uvm_test_top.env.agt.sqr@@seq [spiM_rand_seq] cpol=1 cpha=1 tx_data=e1 miso_data=6c
UVM_INFO ./tb/tb_spi_master_uvm.sv(272) @ 26115000: uvm_test_top.env.scb [spiM_scoreboard] ==MOSI PASS== Input:e1 BUS:e1
UVM_INFO ./tb/tb_spi_master_uvm.sv(282) @ 26115000: uvm_test_top.env.scb [spiM_scoreboard] Success! Data:xx matched
UVM_INFO ./tb/tb_spi_master_uvm.sv(130) @ 26835000: uvm_test_top.env.agt.drv [DRV] Wait for DONE start
UVM_INFO ./tb/tb_spi_master_uvm.sv(132) @ 26945000: uvm_test_top.env.agt.drv [DRV] Wait for DONE finish
UVM_INFO ./tb/tb_spi_master_uvm.sv(199) @ 26945000: uvm_test_top.env.agt.mon [MON] Wait for SCLK start
UVM_INFO ./tb/tb_spi_master_uvm.sv(201) @ 26955000: uvm_test_top.env.agt.mon [MON] Wait for SCLK finish
UVM_INFO ./tb/tb_spi_master_uvm.sv(67) @ 26955000: uvm_test_top.env.agt.sqr@@seq [spiM_rand_seq] cpol=1 cpha=0 tx_data=13 miso_data=b5
UVM_INFO ./tb/tb_spi_master_uvm.sv(272) @ 26955000: uvm_test_top.env.scb [spiM_scoreboard] ==MOSI PASS== Input:13 BUS:13
UVM_INFO ./tb/tb_spi_master_uvm.sv(282) @ 26955000: uvm_test_top.env.scb [spiM_scoreboard] Success! Data:xx matched
UVM_INFO ./tb/tb_spi_master_uvm.sv(130) @ 27675000: uvm_test_top.env.agt.drv [DRV] Wait for DONE start
UVM_INFO ./tb/tb_spi_master_uvm.sv(132) @ 27785000: uvm_test_top.env.agt.drv [DRV] Wait for DONE finish
UVM_INFO ./tb/tb_spi_master_uvm.sv(199) @ 27785000: uvm_test_top.env.agt.mon [MON] Wait for SCLK start
UVM_INFO ./tb/tb_spi_master_uvm.sv(201) @ 27795000: uvm_test_top.env.agt.mon [MON] Wait for SCLK finish
UVM_INFO ./tb/tb_spi_master_uvm.sv(67) @ 27795000: uvm_test_top.env.agt.sqr@@seq [spiM_rand_seq] cpol=1 cpha=0 tx_data=b8 miso_data=55
UVM_INFO ./tb/tb_spi_master_uvm.sv(272) @ 27795000: uvm_test_top.env.scb [spiM_scoreboard] ==MOSI PASS== Input:b8 BUS:b8
UVM_INFO ./tb/tb_spi_master_uvm.sv(282) @ 27795000: uvm_test_top.env.scb [spiM_scoreboard] Success! Data:xx matched
UVM_INFO ./tb/tb_spi_master_uvm.sv(130) @ 28515000: uvm_test_top.env.agt.drv [DRV] Wait for DONE start
UVM_INFO ./tb/tb_spi_master_uvm.sv(132) @ 28625000: uvm_test_top.env.agt.drv [DRV] Wait for DONE finish
UVM_INFO ./tb/tb_spi_master_uvm.sv(199) @ 28625000: uvm_test_top.env.agt.mon [MON] Wait for SCLK start
UVM_INFO ./tb/tb_spi_master_uvm.sv(201) @ 28635000: uvm_test_top.env.agt.mon [MON] Wait for SCLK finish
UVM_INFO ./tb/tb_spi_master_uvm.sv(67) @ 28635000: uvm_test_top.env.agt.sqr@@seq [spiM_rand_seq] cpol=1 cpha=0 tx_data=85 miso_data=d4
UVM_INFO ./tb/tb_spi_master_uvm.sv(272) @ 28635000: uvm_test_top.env.scb [spiM_scoreboard] ==MOSI PASS== Input:85 BUS:85
UVM_INFO ./tb/tb_spi_master_uvm.sv(282) @ 28635000: uvm_test_top.env.scb [spiM_scoreboard] Success! Data:xx matched
UVM_INFO ./tb/tb_spi_master_uvm.sv(130) @ 29405000: uvm_test_top.env.agt.drv [DRV] Wait for DONE start
UVM_INFO ./tb/tb_spi_master_uvm.sv(132) @ 29465000: uvm_test_top.env.agt.drv [DRV] Wait for DONE finish
UVM_INFO ./tb/tb_spi_master_uvm.sv(199) @ 29465000: uvm_test_top.env.agt.mon [MON] Wait for SCLK start
UVM_INFO ./tb/tb_spi_master_uvm.sv(201) @ 29475000: uvm_test_top.env.agt.mon [MON] Wait for SCLK finish
UVM_INFO ./tb/tb_spi_master_uvm.sv(67) @ 29475000: uvm_test_top.env.agt.sqr@@seq [spiM_rand_seq] cpol=0 cpha=1 tx_data=67 miso_data=e
UVM_INFO ./tb/tb_spi_master_uvm.sv(272) @ 29475000: uvm_test_top.env.scb [spiM_scoreboard] ==MOSI PASS== Input:67 BUS:67
UVM_INFO ./tb/tb_spi_master_uvm.sv(282) @ 29475000: uvm_test_top.env.scb [spiM_scoreboard] Success! Data:xx matched
UVM_INFO ./tb/tb_spi_master_uvm.sv(130) @ 30245000: uvm_test_top.env.agt.drv [DRV] Wait for DONE start
UVM_INFO ./tb/tb_spi_master_uvm.sv(132) @ 30305000: uvm_test_top.env.agt.drv [DRV] Wait for DONE finish
UVM_INFO ./tb/tb_spi_master_uvm.sv(199) @ 30305000: uvm_test_top.env.agt.mon [MON] Wait for SCLK start
UVM_INFO ./tb/tb_spi_master_uvm.sv(201) @ 30315000: uvm_test_top.env.agt.mon [MON] Wait for SCLK finish
UVM_INFO ./tb/tb_spi_master_uvm.sv(67) @ 30315000: uvm_test_top.env.agt.sqr@@seq [spiM_rand_seq] cpol=0 cpha=1 tx_data=19 miso_data=1a
UVM_INFO ./tb/tb_spi_master_uvm.sv(272) @ 30315000: uvm_test_top.env.scb [spiM_scoreboard] ==MOSI PASS== Input:19 BUS:19
UVM_INFO ./tb/tb_spi_master_uvm.sv(282) @ 30315000: uvm_test_top.env.scb [spiM_scoreboard] Success! Data:xx matched
UVM_INFO ./tb/tb_spi_master_uvm.sv(130) @ 31085000: uvm_test_top.env.agt.drv [DRV] Wait for DONE start
UVM_INFO ./tb/tb_spi_master_uvm.sv(132) @ 31145000: uvm_test_top.env.agt.drv [DRV] Wait for DONE finish
UVM_INFO ./tb/tb_spi_master_uvm.sv(199) @ 31145000: uvm_test_top.env.agt.mon [MON] Wait for SCLK start
UVM_INFO ./tb/tb_spi_master_uvm.sv(201) @ 31155000: uvm_test_top.env.agt.mon [MON] Wait for SCLK finish
UVM_INFO ./tb/tb_spi_master_uvm.sv(67) @ 31155000: uvm_test_top.env.agt.sqr@@seq [spiM_rand_seq] cpol=1 cpha=1 tx_data=57 miso_data=4c
UVM_INFO ./tb/tb_spi_master_uvm.sv(272) @ 31155000: uvm_test_top.env.scb [spiM_scoreboard] ==MOSI PASS== Input:57 BUS:57
UVM_INFO ./tb/tb_spi_master_uvm.sv(282) @ 31155000: uvm_test_top.env.scb [spiM_scoreboard] Success! Data:xx matched
UVM_INFO ./tb/tb_spi_master_uvm.sv(130) @ 31875000: uvm_test_top.env.agt.drv [DRV] Wait for DONE start
UVM_INFO ./tb/tb_spi_master_uvm.sv(132) @ 31985000: uvm_test_top.env.agt.drv [DRV] Wait for DONE finish
UVM_INFO ./tb/tb_spi_master_uvm.sv(199) @ 31985000: uvm_test_top.env.agt.mon [MON] Wait for SCLK start
UVM_INFO ./tb/tb_spi_master_uvm.sv(201) @ 31995000: uvm_test_top.env.agt.mon [MON] Wait for SCLK finish
UVM_INFO ./tb/tb_spi_master_uvm.sv(67) @ 31995000: uvm_test_top.env.agt.sqr@@seq [spiM_rand_seq] cpol=0 cpha=0 tx_data=d5 miso_data=d1
UVM_INFO ./tb/tb_spi_master_uvm.sv(272) @ 31995000: uvm_test_top.env.scb [spiM_scoreboard] ==MOSI PASS== Input:d5 BUS:d5
UVM_INFO ./tb/tb_spi_master_uvm.sv(282) @ 31995000: uvm_test_top.env.scb [spiM_scoreboard] Success! Data:xx matched
UVM_INFO ./tb/tb_spi_master_uvm.sv(130) @ 32765000: uvm_test_top.env.agt.drv [DRV] Wait for DONE start
UVM_INFO ./tb/tb_spi_master_uvm.sv(132) @ 32825000: uvm_test_top.env.agt.drv [DRV] Wait for DONE finish
UVM_INFO ./tb/tb_spi_master_uvm.sv(199) @ 32825000: uvm_test_top.env.agt.mon [MON] Wait for SCLK start
UVM_INFO ./tb/tb_spi_master_uvm.sv(201) @ 32835000: uvm_test_top.env.agt.mon [MON] Wait for SCLK finish
UVM_INFO ./tb/tb_spi_master_uvm.sv(67) @ 32835000: uvm_test_top.env.agt.sqr@@seq [spiM_rand_seq] cpol=1 cpha=1 tx_data=b8 miso_data=85
UVM_INFO ./tb/tb_spi_master_uvm.sv(272) @ 32835000: uvm_test_top.env.scb [spiM_scoreboard] ==MOSI PASS== Input:b8 BUS:b8
UVM_INFO ./tb/tb_spi_master_uvm.sv(282) @ 32835000: uvm_test_top.env.scb [spiM_scoreboard] Success! Data:xx matched
UVM_INFO ./tb/tb_spi_master_uvm.sv(130) @ 33605000: uvm_test_top.env.agt.drv [DRV] Wait for DONE start
UVM_INFO ./tb/tb_spi_master_uvm.sv(132) @ 33665000: uvm_test_top.env.agt.drv [DRV] Wait for DONE finish
UVM_INFO ./tb/tb_spi_master_uvm.sv(199) @ 33665000: uvm_test_top.env.agt.mon [MON] Wait for SCLK start
UVM_INFO ./tb/tb_spi_master_uvm.sv(201) @ 33675000: uvm_test_top.env.agt.mon [MON] Wait for SCLK finish
UVM_INFO ./tb/tb_spi_master_uvm.sv(67) @ 33675000: uvm_test_top.env.agt.sqr@@seq [spiM_rand_seq] cpol=0 cpha=1 tx_data=e2 miso_data=cd
UVM_INFO ./tb/tb_spi_master_uvm.sv(272) @ 33675000: uvm_test_top.env.scb [spiM_scoreboard] ==MOSI PASS== Input:e2 BUS:e2
UVM_INFO ./tb/tb_spi_master_uvm.sv(282) @ 33675000: uvm_test_top.env.scb [spiM_scoreboard] Success! Data:xx matched
UVM_INFO /tools/synopsys/vcs/W-2024.09-SP1/etc/uvm-1.2/base/uvm_objection.svh(1276) @ 33675000: reporter [TEST_DONE] 'run' phase is ready to proceed to the 'extract' phase
UVM_INFO ./tb/tb_spi_master_uvm.sv(325) @ 33675000: uvm_test_top.env.cov [spiM_coverage]   ===== Coverage Summary =====  
UVM_INFO ./tb/tb_spi_master_uvm.sv(326) @ 33675000: uvm_test_top.env.cov [spiM_coverage]  mosi_data : 0.0%
UVM_INFO ./tb/tb_spi_master_uvm.sv(327) @ 33675000: uvm_test_top.env.cov [spiM_coverage]  miso_data : 0.0%
UVM_INFO ./tb/tb_spi_master_uvm.sv(328) @ 33675000: uvm_test_top.env.cov [spiM_coverage]       mode : 0.0%
UVM_INFO ./tb/tb_spi_master_uvm.sv(329) @ 33675000: uvm_test_top.env.cov [spiM_coverage]   ===== Coverage Summary =====  


UVM_INFO ./tb/tb_spi_master_uvm.sv(288) @ 33675000: uvm_test_top.env.scb [spiM_scoreboard] ========== SPI MASTER Summary ==========
UVM_INFO ./tb/tb_spi_master_uvm.sv(289) @ 33675000: uvm_test_top.env.scb [spiM_scoreboard]  Result      : ** PASS **
UVM_INFO ./tb/tb_spi_master_uvm.sv(290) @ 33675000: uvm_test_top.env.scb [spiM_scoreboard]  MISO PASSED : 40
UVM_INFO ./tb/tb_spi_master_uvm.sv(291) @ 33675000: uvm_test_top.env.scb [spiM_scoreboard]  MOSI PASSED : 40
UVM_INFO ./tb/tb_spi_master_uvm.sv(292) @ 33675000: uvm_test_top.env.scb [spiM_scoreboard]  MISO ERROR  : 0
UVM_INFO ./tb/tb_spi_master_uvm.sv(293) @ 33675000: uvm_test_top.env.scb [spiM_scoreboard]  MOSI ERROR  : 0
UVM_INFO ./tb/tb_spi_master_uvm.sv(294) @ 33675000: uvm_test_top.env.scb [spiM_scoreboard] =======================================
UVM_INFO /tools/synopsys/vcs/W-2024.09-SP1/etc/uvm-1.2/base/uvm_report_catcher.svh(705) @ 33675000: reporter [UVM/REPORT/CATCHER] 
--- UVM Report catcher Summary ---


Number of demoted UVM_FATAL reports  :    0
Number of demoted UVM_ERROR reports  :    0
Number of demoted UVM_WARNING reports:    0
Number of caught UVM_FATAL reports   :    0
Number of caught UVM_ERROR reports   :    0
Number of caught UVM_WARNING reports :    0

UVM_INFO /tools/synopsys/vcs/W-2024.09-SP1/etc/uvm-1.2/base/uvm_report_server.svh(904) @ 33675000: reporter [UVM/REPORT/SERVER] 
--- UVM Report Summary ---

** Report counts by severity
UVM_INFO :  298
UVM_WARNING :    0
UVM_ERROR :    0
UVM_FATAL :    0
** Report counts by id
[DRV]    80
[MON]    80
[RNTST]     1
[TEST_DONE]     1
[UVM/RELNOTES]     1
[UVM/REPORT/CATCHER]     1
[spiM_coverage]     5
[spiM_driver]     2
[spiM_rand_seq]    40
[spiM_scoreboard]    87

$finish called from file "/tools/synopsys/vcs/W-2024.09-SP1/etc/uvm-1.2/base/uvm_root.svh", line 527.
$finish at simulation time             33675000
           V C S   S i m u l a t i o n   R e p o r t 
Time: 33675000 ps
CPU Time:      0.230 seconds;       Data structure size:   0.6Mb
Sun Apr 19 19:13:40 2026
